<?xml version="1.0" encoding="UTF-8"?>
<testsuite name=":Registro en sitio web Utest" tests="1" skipped="0" failures="0" errors="0" timestamp="2022-01-19T18:19:59" hostname="GALE-MC07" time="166.488">
  <properties/>
  <testcase name="Registro de un usuario exitosamente" classname=":Registro en sitio web Utest" time="166.488"/>
  <system-out><![CDATA[true
]]></system-out>
  <system-err><![CDATA[[Test worker] WARN net.thucydides.core.steps.BaseStepListener - stepStarted: net.thucydides.core.steps.ExecutedStepDescription@1345b785
[Test worker] INFO net.thucydides.core.steps.ConsoleLoggingListener - STARTING STEP Dado Que Daniel se encuentra posicionado en el sitio web Utest
[Test worker] WARN net.thucydides.core.steps.BaseStepListener - stepStarted: net.thucydides.core.steps.ExecutedStepDescription@24a8bf3b
[Test worker] INFO net.thucydides.core.steps.ConsoleLoggingListener - STARTING STEP Daniel open url
[Test worker] WARN net.thucydides.core.steps.BaseStepListener - stepStarted: net.thucydides.core.steps.ExecutedStepDescription@77e8ace6
[Test worker] INFO net.thucydides.core.steps.ConsoleLoggingListener - STARTING STEP Daniel opens the Signup utest page
ene 19, 2022 1:20:05 PM org.openqa.selenium.remote.DesiredCapabilities chrome
INFORMACIÓN: Using `new ChromeOptions()` is preferred to `DesiredCapabilities.chrome()`
[Test worker] INFO net.serenitybdd.core.webdriver.driverproviders.ProvideNewDriver - Instantiating driver
[Test worker] INFO net.serenitybdd.core.webdriver.driverproviders.ProvideNewDriver - Driver capabilities: Capabilities {acceptInsecureCerts: false, browserName: chrome, chrome.switches: --start-maximized, goog:chromeOptions: {args: [--start-maximized], extensions: []}, loggingPrefs: org.openqa.selenium.logging..., platform: ANY, version: }
Starting ChromeDriver 97.0.4692.71 (adefa7837d02a07a604c1e6eff0b3a09422ab88d-refs/branch-heads/4692@{#1247}) on port 45444
Only local connections are allowed.
Please see https://chromedriver.chromium.org/security-considerations for suggestions on keeping ChromeDriver safe.
ChromeDriver was started successfully.
ene 19, 2022 1:20:49 PM org.openqa.selenium.remote.ProtocolHandshake createSession
INFORMACIÓN: Detected dialect: W3C
[Test worker] WARN net.thucydides.core.steps.BaseStepListener - stepFinished: current outcome:Registro de un usuario exitosamente:Example: {strName=Daniel, strLastName=Galeano, strEmail=camilabcd12345@gmail.com, strMont=July, strDay=30, strYear=1994, strCity=Bello, strCodePostal=021xx, strSystemOperativeCom=Linux, strVersion=Linux Endless, strLanguage=English, strMobileDevice=Apple, strModelCel=iPhone 13 Pro Max, strPassword=Daniel123456789Daniel, strPasswordConfirm=Daniel123456789Daniel} [Dado Que Daniel se encuentra posicionado en el sitio web Utest [Daniel open url [Daniel opens the Signup utest page]]]
[Test worker] INFO net.thucydides.core.steps.ConsoleLoggingListener - FINISHING STEP
[Test worker] WARN net.thucydides.core.steps.BaseStepListener - stepFinished: current outcome:Registro de un usuario exitosamente:Example: {strName=Daniel, strLastName=Galeano, strEmail=camilabcd12345@gmail.com, strMont=July, strDay=30, strYear=1994, strCity=Bello, strCodePostal=021xx, strSystemOperativeCom=Linux, strVersion=Linux Endless, strLanguage=English, strMobileDevice=Apple, strModelCel=iPhone 13 Pro Max, strPassword=Daniel123456789Daniel, strPasswordConfirm=Daniel123456789Daniel} [Dado Que Daniel se encuentra posicionado en el sitio web Utest [Daniel open url [Daniel opens the Signup utest page]]]
[Test worker] INFO net.thucydides.core.steps.ConsoleLoggingListener - FINISHING STEP
[Test worker] WARN net.thucydides.core.steps.BaseStepListener - stepFinished: current outcome:Registro de un usuario exitosamente:Example: {strName=Daniel, strLastName=Galeano, strEmail=camilabcd12345@gmail.com, strMont=July, strDay=30, strYear=1994, strCity=Bello, strCodePostal=021xx, strSystemOperativeCom=Linux, strVersion=Linux Endless, strLanguage=English, strMobileDevice=Apple, strModelCel=iPhone 13 Pro Max, strPassword=Daniel123456789Daniel, strPasswordConfirm=Daniel123456789Daniel} [Dado Que Daniel se encuentra posicionado en el sitio web Utest [Daniel open url [Daniel opens the Signup utest page]]]
[Test worker] INFO net.thucydides.core.steps.ConsoleLoggingListener - FINISHING STEP
[Test worker] WARN net.thucydides.core.steps.BaseStepListener - stepStarted: net.thucydides.core.steps.ExecutedStepDescription@17386047
[Test worker] INFO net.thucydides.core.steps.ConsoleLoggingListener - STARTING STEP Cuando Daniel se registra con sus datos
| strName | strLastName | strEmail | strMont | strDay | strYear | strCity | strCodePostal | strSystemOperativeCom | strVersion | strLanguage | strMobileDevice | strModelCel | strPassword | strPasswordConfirm |
| Daniel | Galeano | camilabcd12345@gmail.com | July | 30 | 1994 | Bello | 021xx | Linux | Linux Endless | English | Apple | iPhone 13 Pro Max | Daniel123456789Daniel | Daniel123456789Daniel |
[Test worker] WARN net.thucydides.core.steps.BaseStepListener - stepStarted: net.thucydides.core.steps.ExecutedStepDescription@1c2013c
[Test worker] INFO net.thucydides.core.steps.ConsoleLoggingListener - STARTING STEP Daniel set
[Test worker] WARN net.thucydides.core.steps.BaseStepListener - stepStarted: net.thucydides.core.steps.ExecutedStepDescription@60bf7ff8
[Test worker] INFO net.thucydides.core.steps.ConsoleLoggingListener - STARTING STEP Daniel clicks on Este boton nos dirige al formulario de registro
[Test worker] WARN net.thucydides.core.steps.BaseStepListener - stepFinished: current outcome:Registro de un usuario exitosamente:Example: {strName=Daniel, strLastName=Galeano, strEmail=camilabcd12345@gmail.com, strMont=July, strDay=30, strYear=1994, strCity=Bello, strCodePostal=021xx, strSystemOperativeCom=Linux, strVersion=Linux Endless, strLanguage=English, strMobileDevice=Apple, strModelCel=iPhone 13 Pro Max, strPassword=Daniel123456789Daniel, strPasswordConfirm=Daniel123456789Daniel} [Dado Que Daniel se encuentra posicionado en el sitio web Utest [Daniel open url [Daniel opens the Signup utest page]], Cuando Daniel se registra con sus datos
| strName | strLastName | strEmail | strMont | strDay | strYear | strCity | strCodePostal | strSystemOperativeCom | strVersion | strLanguage | strMobileDevice | strModelCel | strPassword | strPasswordConfirm |
| Daniel | Galeano | camilabcd12345@gmail.com | July | 30 | 1994 | Bello | 021xx | Linux | Linux Endless | English | Apple | iPhone 13 Pro Max | Daniel123456789Daniel | Daniel123456789Daniel | [Daniel set [Daniel clicks on Este boton nos dirige al formulario de registro]]]
[Test worker] INFO net.thucydides.core.steps.ConsoleLoggingListener - FINISHING STEP
[Test worker] WARN net.thucydides.core.steps.BaseStepListener - stepStarted: net.thucydides.core.steps.ExecutedStepDescription@5ee23ed4
[Test worker] INFO net.thucydides.core.steps.ConsoleLoggingListener - STARTING STEP Daniel enters 'Daniel' into Input para ingresar el nombre
[Test worker] WARN net.thucydides.core.steps.BaseStepListener - stepFinished: current outcome:Registro de un usuario exitosamente:Example: {strName=Daniel, strLastName=Galeano, strEmail=camilabcd12345@gmail.com, strMont=July, strDay=30, strYear=1994, strCity=Bello, strCodePostal=021xx, strSystemOperativeCom=Linux, strVersion=Linux Endless, strLanguage=English, strMobileDevice=Apple, strModelCel=iPhone 13 Pro Max, strPassword=Daniel123456789Daniel, strPasswordConfirm=Daniel123456789Daniel} [Dado Que Daniel se encuentra posicionado en el sitio web Utest [Daniel open url [Daniel opens the Signup utest page]], Cuando Daniel se registra con sus datos
| strName | strLastName | strEmail | strMont | strDay | strYear | strCity | strCodePostal | strSystemOperativeCom | strVersion | strLanguage | strMobileDevice | strModelCel | strPassword | strPasswordConfirm |
| Daniel | Galeano | camilabcd12345@gmail.com | July | 30 | 1994 | Bello | 021xx | Linux | Linux Endless | English | Apple | iPhone 13 Pro Max | Daniel123456789Daniel | Daniel123456789Daniel | [Daniel set [Daniel clicks on Este boton nos dirige al formulario de registro, Daniel enters 'Daniel' into Input para ingresar el nombre]]]
[Test worker] INFO net.thucydides.core.steps.ConsoleLoggingListener - FINISHING STEP
[Test worker] WARN net.thucydides.core.steps.BaseStepListener - stepStarted: net.thucydides.core.steps.ExecutedStepDescription@3a6c70a5
[Test worker] INFO net.thucydides.core.steps.ConsoleLoggingListener - STARTING STEP Daniel enters 'Galeano' into Input para ingresar el apellido
[Test worker] WARN net.thucydides.core.steps.BaseStepListener - stepFinished: current outcome:Registro de un usuario exitosamente:Example: {strName=Daniel, strLastName=Galeano, strEmail=camilabcd12345@gmail.com, strMont=July, strDay=30, strYear=1994, strCity=Bello, strCodePostal=021xx, strSystemOperativeCom=Linux, strVersion=Linux Endless, strLanguage=English, strMobileDevice=Apple, strModelCel=iPhone 13 Pro Max, strPassword=Daniel123456789Daniel, strPasswordConfirm=Daniel123456789Daniel} [Dado Que Daniel se encuentra posicionado en el sitio web Utest [Daniel open url [Daniel opens the Signup utest page]], Cuando Daniel se registra con sus datos
| strName | strLastName | strEmail | strMont | strDay | strYear | strCity | strCodePostal | strSystemOperativeCom | strVersion | strLanguage | strMobileDevice | strModelCel | strPassword | strPasswordConfirm |
| Daniel | Galeano | camilabcd12345@gmail.com | July | 30 | 1994 | Bello | 021xx | Linux | Linux Endless | English | Apple | iPhone 13 Pro Max | Daniel123456789Daniel | Daniel123456789Daniel | [Daniel set [Daniel clicks on Este boton nos dirige al formulario de registro, Daniel enters 'Daniel' into Input para ingresar el nombre, Daniel enters 'Galeano' into Input para ingresar el apellido]]]
[Test worker] INFO net.thucydides.core.steps.ConsoleLoggingListener - FINISHING STEP
[Test worker] WARN net.thucydides.core.steps.BaseStepListener - stepStarted: net.thucydides.core.steps.ExecutedStepDescription@1887a6a2
[Test worker] INFO net.thucydides.core.steps.ConsoleLoggingListener - STARTING STEP Daniel enters 'camilabcd12345@gmail.com' into Input para ingresar el correo electronico
[Test worker] WARN net.thucydides.core.steps.BaseStepListener - stepFinished: current outcome:Registro de un usuario exitosamente:Example: {strName=Daniel, strLastName=Galeano, strEmail=camilabcd12345@gmail.com, strMont=July, strDay=30, strYear=1994, strCity=Bello, strCodePostal=021xx, strSystemOperativeCom=Linux, strVersion=Linux Endless, strLanguage=English, strMobileDevice=Apple, strModelCel=iPhone 13 Pro Max, strPassword=Daniel123456789Daniel, strPasswordConfirm=Daniel123456789Daniel} [Dado Que Daniel se encuentra posicionado en el sitio web Utest [Daniel open url [Daniel opens the Signup utest page]], Cuando Daniel se registra con sus datos
| strName | strLastName | strEmail | strMont | strDay | strYear | strCity | strCodePostal | strSystemOperativeCom | strVersion | strLanguage | strMobileDevice | strModelCel | strPassword | strPasswordConfirm |
| Daniel | Galeano | camilabcd12345@gmail.com | July | 30 | 1994 | Bello | 021xx | Linux | Linux Endless | English | Apple | iPhone 13 Pro Max | Daniel123456789Daniel | Daniel123456789Daniel | [Daniel set [Daniel clicks on Este boton nos dirige al formulario de registro, Daniel enters 'Daniel' into Input para ingresar el nombre, Daniel enters 'Galeano' into Input para ingresar el apellido, Daniel enters 'camilabcd12345@gmail.com' into Input para ingresar el correo electronico]]]
[Test worker] INFO net.thucydides.core.steps.ConsoleLoggingListener - FINISHING STEP
[Test worker] WARN net.thucydides.core.steps.BaseStepListener - stepStarted: net.thucydides.core.steps.ExecutedStepDescription@34a6747
[Test worker] INFO net.thucydides.core.steps.ConsoleLoggingListener - STARTING STEP Daniel select July on Input para ingresar el mes
[Test worker] WARN net.thucydides.core.steps.BaseStepListener - stepFinished: current outcome:Registro de un usuario exitosamente:Example: {strName=Daniel, strLastName=Galeano, strEmail=camilabcd12345@gmail.com, strMont=July, strDay=30, strYear=1994, strCity=Bello, strCodePostal=021xx, strSystemOperativeCom=Linux, strVersion=Linux Endless, strLanguage=English, strMobileDevice=Apple, strModelCel=iPhone 13 Pro Max, strPassword=Daniel123456789Daniel, strPasswordConfirm=Daniel123456789Daniel} [Dado Que Daniel se encuentra posicionado en el sitio web Utest [Daniel open url [Daniel opens the Signup utest page]], Cuando Daniel se registra con sus datos
| strName | strLastName | strEmail | strMont | strDay | strYear | strCity | strCodePostal | strSystemOperativeCom | strVersion | strLanguage | strMobileDevice | strModelCel | strPassword | strPasswordConfirm |
| Daniel | Galeano | camilabcd12345@gmail.com | July | 30 | 1994 | Bello | 021xx | Linux | Linux Endless | English | Apple | iPhone 13 Pro Max | Daniel123456789Daniel | Daniel123456789Daniel | [Daniel set [Daniel clicks on Este boton nos dirige al formulario de registro, Daniel enters 'Daniel' into Input para ingresar el nombre, Daniel enters 'Galeano' into Input para ingresar el apellido, Daniel enters 'camilabcd12345@gmail.com' into Input para ingresar el correo electronico, Daniel select July on Input para ingresar el mes]]]
[Test worker] INFO net.thucydides.core.steps.ConsoleLoggingListener - FINISHING STEP
[Test worker] WARN net.thucydides.core.steps.BaseStepListener - stepStarted: net.thucydides.core.steps.ExecutedStepDescription@2f696fcc
[Test worker] INFO net.thucydides.core.steps.ConsoleLoggingListener - STARTING STEP Daniel select 30 on Input para ingresar el dia
[Test worker] WARN net.thucydides.core.steps.BaseStepListener - stepFinished: current outcome:Registro de un usuario exitosamente:Example: {strName=Daniel, strLastName=Galeano, strEmail=camilabcd12345@gmail.com, strMont=July, strDay=30, strYear=1994, strCity=Bello, strCodePostal=021xx, strSystemOperativeCom=Linux, strVersion=Linux Endless, strLanguage=English, strMobileDevice=Apple, strModelCel=iPhone 13 Pro Max, strPassword=Daniel123456789Daniel, strPasswordConfirm=Daniel123456789Daniel} [Dado Que Daniel se encuentra posicionado en el sitio web Utest [Daniel open url [Daniel opens the Signup utest page]], Cuando Daniel se registra con sus datos
| strName | strLastName | strEmail | strMont | strDay | strYear | strCity | strCodePostal | strSystemOperativeCom | strVersion | strLanguage | strMobileDevice | strModelCel | strPassword | strPasswordConfirm |
| Daniel | Galeano | camilabcd12345@gmail.com | July | 30 | 1994 | Bello | 021xx | Linux | Linux Endless | English | Apple | iPhone 13 Pro Max | Daniel123456789Daniel | Daniel123456789Daniel | [Daniel set [Daniel clicks on Este boton nos dirige al formulario de registro, Daniel enters 'Daniel' into Input para ingresar el nombre, Daniel enters 'Galeano' into Input para ingresar el apellido, Daniel enters 'camilabcd12345@gmail.com' into Input para ingresar el correo electronico, Daniel select July on Input para ingresar el mes, Daniel select 30 on Input para ingresar el dia]]]
[Test worker] INFO net.thucydides.core.steps.ConsoleLoggingListener - FINISHING STEP
[Test worker] WARN net.thucydides.core.steps.BaseStepListener - stepStarted: net.thucydides.core.steps.ExecutedStepDescription@626f3a6
[Test worker] INFO net.thucydides.core.steps.ConsoleLoggingListener - STARTING STEP Daniel select 1994 on Input para ingresar el aÃ±o
[Test worker] WARN net.thucydides.core.steps.BaseStepListener - stepFinished: current outcome:Registro de un usuario exitosamente:Example: {strName=Daniel, strLastName=Galeano, strEmail=camilabcd12345@gmail.com, strMont=July, strDay=30, strYear=1994, strCity=Bello, strCodePostal=021xx, strSystemOperativeCom=Linux, strVersion=Linux Endless, strLanguage=English, strMobileDevice=Apple, strModelCel=iPhone 13 Pro Max, strPassword=Daniel123456789Daniel, strPasswordConfirm=Daniel123456789Daniel} [Dado Que Daniel se encuentra posicionado en el sitio web Utest [Daniel open url [Daniel opens the Signup utest page]], Cuando Daniel se registra con sus datos
| strName | strLastName | strEmail | strMont | strDay | strYear | strCity | strCodePostal | strSystemOperativeCom | strVersion | strLanguage | strMobileDevice | strModelCel | strPassword | strPasswordConfirm |
| Daniel | Galeano | camilabcd12345@gmail.com | July | 30 | 1994 | Bello | 021xx | Linux | Linux Endless | English | Apple | iPhone 13 Pro Max | Daniel123456789Daniel | Daniel123456789Daniel | [Daniel set [Daniel clicks on Este boton nos dirige al formulario de registro, Daniel enters 'Daniel' into Input para ingresar el nombre, Daniel enters 'Galeano' into Input para ingresar el apellido, Daniel enters 'camilabcd12345@gmail.com' into Input para ingresar el correo electronico, Daniel select July on Input para ingresar el mes, Daniel select 30 on Input para ingresar el dia, Daniel select 1994 on Input para ingresar el aÃ±o]]]
[Test worker] INFO net.thucydides.core.steps.ConsoleLoggingListener - FINISHING STEP
[Test worker] WARN net.thucydides.core.steps.BaseStepListener - stepStarted: net.thucydides.core.steps.ExecutedStepDescription@201232f5
[Test worker] INFO net.thucydides.core.steps.ConsoleLoggingListener - STARTING STEP Daniel clicks on Este boton nos dirige a la siguinte pagina
[Test worker] WARN net.thucydides.core.steps.BaseStepListener - stepFinished: current outcome:Registro de un usuario exitosamente:Example: {strName=Daniel, strLastName=Galeano, strEmail=camilabcd12345@gmail.com, strMont=July, strDay=30, strYear=1994, strCity=Bello, strCodePostal=021xx, strSystemOperativeCom=Linux, strVersion=Linux Endless, strLanguage=English, strMobileDevice=Apple, strModelCel=iPhone 13 Pro Max, strPassword=Daniel123456789Daniel, strPasswordConfirm=Daniel123456789Daniel} [Dado Que Daniel se encuentra posicionado en el sitio web Utest [Daniel open url [Daniel opens the Signup utest page]], Cuando Daniel se registra con sus datos
| strName | strLastName | strEmail | strMont | strDay | strYear | strCity | strCodePostal | strSystemOperativeCom | strVersion | strLanguage | strMobileDevice | strModelCel | strPassword | strPasswordConfirm |
| Daniel | Galeano | camilabcd12345@gmail.com | July | 30 | 1994 | Bello | 021xx | Linux | Linux Endless | English | Apple | iPhone 13 Pro Max | Daniel123456789Daniel | Daniel123456789Daniel | [Daniel set [Daniel clicks on Este boton nos dirige al formulario de registro, Daniel enters 'Daniel' into Input para ingresar el nombre, Daniel enters 'Galeano' into Input para ingresar el apellido, Daniel enters 'camilabcd12345@gmail.com' into Input para ingresar el correo electronico, Daniel select July on Input para ingresar el mes, Daniel select 30 on Input para ingresar el dia, Daniel select 1994 on Input para ingresar el aÃ±o, Daniel clicks on Este boton nos dirige a la siguinte pagina]]]
[Test worker] INFO net.thucydides.core.steps.ConsoleLoggingListener - FINISHING STEP
[Test worker] WARN net.thucydides.core.steps.BaseStepListener - stepStarted: net.thucydides.core.steps.ExecutedStepDescription@5e94ddf8
[Test worker] INFO net.thucydides.core.steps.ConsoleLoggingListener - STARTING STEP Daniel esperar
[Test worker] WARN net.thucydides.core.steps.BaseStepListener - stepFinished: current outcome:Registro de un usuario exitosamente:Example: {strName=Daniel, strLastName=Galeano, strEmail=camilabcd12345@gmail.com, strMont=July, strDay=30, strYear=1994, strCity=Bello, strCodePostal=021xx, strSystemOperativeCom=Linux, strVersion=Linux Endless, strLanguage=English, strMobileDevice=Apple, strModelCel=iPhone 13 Pro Max, strPassword=Daniel123456789Daniel, strPasswordConfirm=Daniel123456789Daniel} [Dado Que Daniel se encuentra posicionado en el sitio web Utest [Daniel open url [Daniel opens the Signup utest page]], Cuando Daniel se registra con sus datos
| strName | strLastName | strEmail | strMont | strDay | strYear | strCity | strCodePostal | strSystemOperativeCom | strVersion | strLanguage | strMobileDevice | strModelCel | strPassword | strPasswordConfirm |
| Daniel | Galeano | camilabcd12345@gmail.com | July | 30 | 1994 | Bello | 021xx | Linux | Linux Endless | English | Apple | iPhone 13 Pro Max | Daniel123456789Daniel | Daniel123456789Daniel | [Daniel set [Daniel clicks on Este boton nos dirige al formulario de registro, Daniel enters 'Daniel' into Input para ingresar el nombre, Daniel enters 'Galeano' into Input para ingresar el apellido, Daniel enters 'camilabcd12345@gmail.com' into Input para ingresar el correo electronico, Daniel select July on Input para ingresar el mes, Daniel select 30 on Input para ingresar el dia, Daniel select 1994 on Input para ingresar el aÃ±o, Daniel clicks on Este boton nos dirige a la siguinte pagina, Daniel esperar]]]
[Test worker] INFO net.thucydides.core.steps.ConsoleLoggingListener - FINISHING STEP
[Test worker] WARN net.thucydides.core.steps.BaseStepListener - stepStarted: net.thucydides.core.steps.ExecutedStepDescription@3e179af9
[Test worker] INFO net.thucydides.core.steps.ConsoleLoggingListener - STARTING STEP Daniel enters 'Bello' into Input para ingresar la ciudad
[Test worker] WARN net.thucydides.core.steps.BaseStepListener - stepFinished: current outcome:Registro de un usuario exitosamente:Example: {strName=Daniel, strLastName=Galeano, strEmail=camilabcd12345@gmail.com, strMont=July, strDay=30, strYear=1994, strCity=Bello, strCodePostal=021xx, strSystemOperativeCom=Linux, strVersion=Linux Endless, strLanguage=English, strMobileDevice=Apple, strModelCel=iPhone 13 Pro Max, strPassword=Daniel123456789Daniel, strPasswordConfirm=Daniel123456789Daniel} [Dado Que Daniel se encuentra posicionado en el sitio web Utest [Daniel open url [Daniel opens the Signup utest page]], Cuando Daniel se registra con sus datos
| strName | strLastName | strEmail | strMont | strDay | strYear | strCity | strCodePostal | strSystemOperativeCom | strVersion | strLanguage | strMobileDevice | strModelCel | strPassword | strPasswordConfirm |
| Daniel | Galeano | camilabcd12345@gmail.com | July | 30 | 1994 | Bello | 021xx | Linux | Linux Endless | English | Apple | iPhone 13 Pro Max | Daniel123456789Daniel | Daniel123456789Daniel | [Daniel set [Daniel clicks on Este boton nos dirige al formulario de registro, Daniel enters 'Daniel' into Input para ingresar el nombre, Daniel enters 'Galeano' into Input para ingresar el apellido, Daniel enters 'camilabcd12345@gmail.com' into Input para ingresar el correo electronico, Daniel select July on Input para ingresar el mes, Daniel select 30 on Input para ingresar el dia, Daniel select 1994 on Input para ingresar el aÃ±o, Daniel clicks on Este boton nos dirige a la siguinte pagina, Daniel esperar, Daniel enters 'Bello' into Input para ingresar la ciudad]]]
[Test worker] INFO net.thucydides.core.steps.ConsoleLoggingListener - FINISHING STEP
[Test worker] WARN net.thucydides.core.steps.BaseStepListener - stepStarted: net.thucydides.core.steps.ExecutedStepDescription@45b24c86
[Test worker] INFO net.thucydides.core.steps.ConsoleLoggingListener - STARTING STEP Daniel types 'DOWN' in Input para ingresar la ciudad
[Test worker] WARN net.thucydides.core.steps.BaseStepListener - stepFinished: current outcome:Registro de un usuario exitosamente:Example: {strName=Daniel, strLastName=Galeano, strEmail=camilabcd12345@gmail.com, strMont=July, strDay=30, strYear=1994, strCity=Bello, strCodePostal=021xx, strSystemOperativeCom=Linux, strVersion=Linux Endless, strLanguage=English, strMobileDevice=Apple, strModelCel=iPhone 13 Pro Max, strPassword=Daniel123456789Daniel, strPasswordConfirm=Daniel123456789Daniel} [Dado Que Daniel se encuentra posicionado en el sitio web Utest [Daniel open url [Daniel opens the Signup utest page]], Cuando Daniel se registra con sus datos
| strName | strLastName | strEmail | strMont | strDay | strYear | strCity | strCodePostal | strSystemOperativeCom | strVersion | strLanguage | strMobileDevice | strModelCel | strPassword | strPasswordConfirm |
| Daniel | Galeano | camilabcd12345@gmail.com | July | 30 | 1994 | Bello | 021xx | Linux | Linux Endless | English | Apple | iPhone 13 Pro Max | Daniel123456789Daniel | Daniel123456789Daniel | [Daniel set [Daniel clicks on Este boton nos dirige al formulario de registro, Daniel enters 'Daniel' into Input para ingresar el nombre, Daniel enters 'Galeano' into Input para ingresar el apellido, Daniel enters 'camilabcd12345@gmail.com' into Input para ingresar el correo electronico, Daniel select July on Input para ingresar el mes, Daniel select 30 on Input para ingresar el dia, Daniel select 1994 on Input para ingresar el aÃ±o, Daniel clicks on Este boton nos dirige a la siguinte pagina, Daniel esperar, Daniel enters 'Bello' into Input para ingresar la ciudad, Daniel types 'DOWN' in Input para ingresar la ciudad]]]
[Test worker] INFO net.thucydides.core.steps.ConsoleLoggingListener - FINISHING STEP
[Test worker] WARN net.thucydides.core.steps.BaseStepListener - stepStarted: net.thucydides.core.steps.ExecutedStepDescription@7d9b4f15
[Test worker] INFO net.thucydides.core.steps.ConsoleLoggingListener - STARTING STEP Daniel types 'TAB' in Input para ingresar la ciudad
[Test worker] WARN net.thucydides.core.steps.BaseStepListener - stepFinished: current outcome:Registro de un usuario exitosamente:Example: {strName=Daniel, strLastName=Galeano, strEmail=camilabcd12345@gmail.com, strMont=July, strDay=30, strYear=1994, strCity=Bello, strCodePostal=021xx, strSystemOperativeCom=Linux, strVersion=Linux Endless, strLanguage=English, strMobileDevice=Apple, strModelCel=iPhone 13 Pro Max, strPassword=Daniel123456789Daniel, strPasswordConfirm=Daniel123456789Daniel} [Dado Que Daniel se encuentra posicionado en el sitio web Utest [Daniel open url [Daniel opens the Signup utest page]], Cuando Daniel se registra con sus datos
| strName | strLastName | strEmail | strMont | strDay | strYear | strCity | strCodePostal | strSystemOperativeCom | strVersion | strLanguage | strMobileDevice | strModelCel | strPassword | strPasswordConfirm |
| Daniel | Galeano | camilabcd12345@gmail.com | July | 30 | 1994 | Bello | 021xx | Linux | Linux Endless | English | Apple | iPhone 13 Pro Max | Daniel123456789Daniel | Daniel123456789Daniel | [Daniel set [Daniel clicks on Este boton nos dirige al formulario de registro, Daniel enters 'Daniel' into Input para ingresar el nombre, Daniel enters 'Galeano' into Input para ingresar el apellido, Daniel enters 'camilabcd12345@gmail.com' into Input para ingresar el correo electronico, Daniel select July on Input para ingresar el mes, Daniel select 30 on Input para ingresar el dia, Daniel select 1994 on Input para ingresar el aÃ±o, Daniel clicks on Este boton nos dirige a la siguinte pagina, Daniel esperar, Daniel enters 'Bello' into Input para ingresar la ciudad, Daniel types 'DOWN' in Input para ingresar la ciudad, Daniel types 'TAB' in Input para ingresar la ciudad]]]
[Test worker] INFO net.thucydides.core.steps.ConsoleLoggingListener - FINISHING STEP
[Test worker] WARN net.thucydides.core.steps.BaseStepListener - stepStarted: net.thucydides.core.steps.ExecutedStepDescription@53f19593
[Test worker] INFO net.thucydides.core.steps.ConsoleLoggingListener - STARTING STEP Daniel clicks on Input para ingresar el codigo postal
[Test worker] WARN net.thucydides.core.steps.BaseStepListener - stepFinished: current outcome:Registro de un usuario exitosamente:Example: {strName=Daniel, strLastName=Galeano, strEmail=camilabcd12345@gmail.com, strMont=July, strDay=30, strYear=1994, strCity=Bello, strCodePostal=021xx, strSystemOperativeCom=Linux, strVersion=Linux Endless, strLanguage=English, strMobileDevice=Apple, strModelCel=iPhone 13 Pro Max, strPassword=Daniel123456789Daniel, strPasswordConfirm=Daniel123456789Daniel} [Dado Que Daniel se encuentra posicionado en el sitio web Utest [Daniel open url [Daniel opens the Signup utest page]], Cuando Daniel se registra con sus datos
| strName | strLastName | strEmail | strMont | strDay | strYear | strCity | strCodePostal | strSystemOperativeCom | strVersion | strLanguage | strMobileDevice | strModelCel | strPassword | strPasswordConfirm |
| Daniel | Galeano | camilabcd12345@gmail.com | July | 30 | 1994 | Bello | 021xx | Linux | Linux Endless | English | Apple | iPhone 13 Pro Max | Daniel123456789Daniel | Daniel123456789Daniel | [Daniel set [Daniel clicks on Este boton nos dirige al formulario de registro, Daniel enters 'Daniel' into Input para ingresar el nombre, Daniel enters 'Galeano' into Input para ingresar el apellido, Daniel enters 'camilabcd12345@gmail.com' into Input para ingresar el correo electronico, Daniel select July on Input para ingresar el mes, Daniel select 30 on Input para ingresar el dia, Daniel select 1994 on Input para ingresar el aÃ±o, Daniel clicks on Este boton nos dirige a la siguinte pagina, Daniel esperar, Daniel enters 'Bello' into Input para ingresar la ciudad, Daniel types 'DOWN' in Input para ingresar la ciudad, Daniel types 'TAB' in Input para ingresar la ciudad, Daniel clicks on Input para ingresar el codigo postal]]]
[Test worker] INFO net.thucydides.core.steps.ConsoleLoggingListener - FINISHING STEP
[Test worker] WARN net.thucydides.core.steps.BaseStepListener - stepStarted: net.thucydides.core.steps.ExecutedStepDescription@672177b0
[Test worker] INFO net.thucydides.core.steps.ConsoleLoggingListener - STARTING STEP Daniel enters '021xx' into Input para ingresar el codigo postal
[Test worker] WARN net.thucydides.core.steps.BaseStepListener - stepFinished: current outcome:Registro de un usuario exitosamente:Example: {strName=Daniel, strLastName=Galeano, strEmail=camilabcd12345@gmail.com, strMont=July, strDay=30, strYear=1994, strCity=Bello, strCodePostal=021xx, strSystemOperativeCom=Linux, strVersion=Linux Endless, strLanguage=English, strMobileDevice=Apple, strModelCel=iPhone 13 Pro Max, strPassword=Daniel123456789Daniel, strPasswordConfirm=Daniel123456789Daniel} [Dado Que Daniel se encuentra posicionado en el sitio web Utest [Daniel open url [Daniel opens the Signup utest page]], Cuando Daniel se registra con sus datos
| strName | strLastName | strEmail | strMont | strDay | strYear | strCity | strCodePostal | strSystemOperativeCom | strVersion | strLanguage | strMobileDevice | strModelCel | strPassword | strPasswordConfirm |
| Daniel | Galeano | camilabcd12345@gmail.com | July | 30 | 1994 | Bello | 021xx | Linux | Linux Endless | English | Apple | iPhone 13 Pro Max | Daniel123456789Daniel | Daniel123456789Daniel | [Daniel set [Daniel clicks on Este boton nos dirige al formulario de registro, Daniel enters 'Daniel' into Input para ingresar el nombre, Daniel enters 'Galeano' into Input para ingresar el apellido, Daniel enters 'camilabcd12345@gmail.com' into Input para ingresar el correo electronico, Daniel select July on Input para ingresar el mes, Daniel select 30 on Input para ingresar el dia, Daniel select 1994 on Input para ingresar el aÃ±o, Daniel clicks on Este boton nos dirige a la siguinte pagina, Daniel esperar, Daniel enters 'Bello' into Input para ingresar la ciudad, Daniel types 'DOWN' in Input para ingresar la ciudad, Daniel types 'TAB' in Input para ingresar la ciudad, Daniel clicks on Input para ingresar el codigo postal, Daniel enters '021xx' into Input para ingresar el codigo postal]]]
[Test worker] INFO net.thucydides.core.steps.ConsoleLoggingListener - FINISHING STEP
[Test worker] WARN net.thucydides.core.steps.BaseStepListener - stepStarted: net.thucydides.core.steps.ExecutedStepDescription@7d75cb61
[Test worker] INFO net.thucydides.core.steps.ConsoleLoggingListener - STARTING STEP Daniel clicks on Este boton nos dirige a la siguinte pagina
[Test worker] WARN net.thucydides.core.steps.BaseStepListener - stepFinished: current outcome:Registro de un usuario exitosamente:Example: {strName=Daniel, strLastName=Galeano, strEmail=camilabcd12345@gmail.com, strMont=July, strDay=30, strYear=1994, strCity=Bello, strCodePostal=021xx, strSystemOperativeCom=Linux, strVersion=Linux Endless, strLanguage=English, strMobileDevice=Apple, strModelCel=iPhone 13 Pro Max, strPassword=Daniel123456789Daniel, strPasswordConfirm=Daniel123456789Daniel} [Dado Que Daniel se encuentra posicionado en el sitio web Utest [Daniel open url [Daniel opens the Signup utest page]], Cuando Daniel se registra con sus datos
| strName | strLastName | strEmail | strMont | strDay | strYear | strCity | strCodePostal | strSystemOperativeCom | strVersion | strLanguage | strMobileDevice | strModelCel | strPassword | strPasswordConfirm |
| Daniel | Galeano | camilabcd12345@gmail.com | July | 30 | 1994 | Bello | 021xx | Linux | Linux Endless | English | Apple | iPhone 13 Pro Max | Daniel123456789Daniel | Daniel123456789Daniel | [Daniel set [Daniel clicks on Este boton nos dirige al formulario de registro, Daniel enters 'Daniel' into Input para ingresar el nombre, Daniel enters 'Galeano' into Input para ingresar el apellido, Daniel enters 'camilabcd12345@gmail.com' into Input para ingresar el correo electronico, Daniel select July on Input para ingresar el mes, Daniel select 30 on Input para ingresar el dia, Daniel select 1994 on Input para ingresar el aÃ±o, Daniel clicks on Este boton nos dirige a la siguinte pagina, Daniel esperar, Daniel enters 'Bello' into Input para ingresar la ciudad, Daniel types 'DOWN' in Input para ingresar la ciudad, Daniel types 'TAB' in Input para ingresar la ciudad, Daniel clicks on Input para ingresar el codigo postal, Daniel enters '021xx' into Input para ingresar el codigo postal, Daniel clicks on Este boton nos dirige a la siguinte pagina]]]
[Test worker] INFO net.thucydides.core.steps.ConsoleLoggingListener - FINISHING STEP
[Test worker] WARN net.thucydides.core.steps.BaseStepListener - stepStarted: net.thucydides.core.steps.ExecutedStepDescription@570cb2b9
[Test worker] INFO net.thucydides.core.steps.ConsoleLoggingListener - STARTING STEP Daniel clicks on Input para ingresar el sistema operativo de tu computador
[Test worker] WARN net.thucydides.core.steps.BaseStepListener - stepFinished: current outcome:Registro de un usuario exitosamente:Example: {strName=Daniel, strLastName=Galeano, strEmail=camilabcd12345@gmail.com, strMont=July, strDay=30, strYear=1994, strCity=Bello, strCodePostal=021xx, strSystemOperativeCom=Linux, strVersion=Linux Endless, strLanguage=English, strMobileDevice=Apple, strModelCel=iPhone 13 Pro Max, strPassword=Daniel123456789Daniel, strPasswordConfirm=Daniel123456789Daniel} [Dado Que Daniel se encuentra posicionado en el sitio web Utest [Daniel open url [Daniel opens the Signup utest page]], Cuando Daniel se registra con sus datos
| strName | strLastName | strEmail | strMont | strDay | strYear | strCity | strCodePostal | strSystemOperativeCom | strVersion | strLanguage | strMobileDevice | strModelCel | strPassword | strPasswordConfirm |
| Daniel | Galeano | camilabcd12345@gmail.com | July | 30 | 1994 | Bello | 021xx | Linux | Linux Endless | English | Apple | iPhone 13 Pro Max | Daniel123456789Daniel | Daniel123456789Daniel | [Daniel set [Daniel clicks on Este boton nos dirige al formulario de registro, Daniel enters 'Daniel' into Input para ingresar el nombre, Daniel enters 'Galeano' into Input para ingresar el apellido, Daniel enters 'camilabcd12345@gmail.com' into Input para ingresar el correo electronico, Daniel select July on Input para ingresar el mes, Daniel select 30 on Input para ingresar el dia, Daniel select 1994 on Input para ingresar el aÃ±o, Daniel clicks on Este boton nos dirige a la siguinte pagina, Daniel esperar, Daniel enters 'Bello' into Input para ingresar la ciudad, Daniel types 'DOWN' in Input para ingresar la ciudad, Daniel types 'TAB' in Input para ingresar la ciudad, Daniel clicks on Input para ingresar el codigo postal, Daniel enters '021xx' into Input para ingresar el codigo postal, Daniel clicks on Este boton nos dirige a la siguinte pagina, Daniel clicks on Input para ingresar el sistema operativo de tu computador]]]
[Test worker] INFO net.thucydides.core.steps.ConsoleLoggingListener - FINISHING STEP
[Test worker] WARN net.thucydides.core.steps.BaseStepListener - stepStarted: net.thucydides.core.steps.ExecutedStepDescription@7c0da97c
[Test worker] INFO net.thucydides.core.steps.ConsoleLoggingListener - STARTING STEP Daniel enters 'Linux' into Esta es una opcion para seleccionar sistema operativo windows
[Test worker] WARN net.thucydides.core.steps.BaseStepListener - stepFinished: current outcome:Registro de un usuario exitosamente:Example: {strName=Daniel, strLastName=Galeano, strEmail=camilabcd12345@gmail.com, strMont=July, strDay=30, strYear=1994, strCity=Bello, strCodePostal=021xx, strSystemOperativeCom=Linux, strVersion=Linux Endless, strLanguage=English, strMobileDevice=Apple, strModelCel=iPhone 13 Pro Max, strPassword=Daniel123456789Daniel, strPasswordConfirm=Daniel123456789Daniel} [Dado Que Daniel se encuentra posicionado en el sitio web Utest [Daniel open url [Daniel opens the Signup utest page]], Cuando Daniel se registra con sus datos
| strName | strLastName | strEmail | strMont | strDay | strYear | strCity | strCodePostal | strSystemOperativeCom | strVersion | strLanguage | strMobileDevice | strModelCel | strPassword | strPasswordConfirm |
| Daniel | Galeano | camilabcd12345@gmail.com | July | 30 | 1994 | Bello | 021xx | Linux | Linux Endless | English | Apple | iPhone 13 Pro Max | Daniel123456789Daniel | Daniel123456789Daniel | [Daniel set [Daniel clicks on Este boton nos dirige al formulario de registro, Daniel enters 'Daniel' into Input para ingresar el nombre, Daniel enters 'Galeano' into Input para ingresar el apellido, Daniel enters 'camilabcd12345@gmail.com' into Input para ingresar el correo electronico, Daniel select July on Input para ingresar el mes, Daniel select 30 on Input para ingresar el dia, Daniel select 1994 on Input para ingresar el aÃ±o, Daniel clicks on Este boton nos dirige a la siguinte pagina, Daniel esperar, Daniel enters 'Bello' into Input para ingresar la ciudad, Daniel types 'DOWN' in Input para ingresar la ciudad, Daniel types 'TAB' in Input para ingresar la ciudad, Daniel clicks on Input para ingresar el codigo postal, Daniel enters '021xx' into Input para ingresar el codigo postal, Daniel clicks on Este boton nos dirige a la siguinte pagina, Daniel clicks on Input para ingresar el sistema operativo de tu computador, Daniel enters 'Linux' into Esta es una opcion para seleccionar sistema operativo windows]]]
[Test worker] INFO net.thucydides.core.steps.ConsoleLoggingListener - FINISHING STEP
[Test worker] WARN net.thucydides.core.steps.BaseStepListener - stepStarted: net.thucydides.core.steps.ExecutedStepDescription@30851af3
[Test worker] INFO net.thucydides.core.steps.ConsoleLoggingListener - STARTING STEP Daniel types 'TAB' in Esta es una opcion para seleccionar sistema operativo windows
[Test worker] WARN net.thucydides.core.steps.BaseStepListener - stepFinished: current outcome:Registro de un usuario exitosamente:Example: {strName=Daniel, strLastName=Galeano, strEmail=camilabcd12345@gmail.com, strMont=July, strDay=30, strYear=1994, strCity=Bello, strCodePostal=021xx, strSystemOperativeCom=Linux, strVersion=Linux Endless, strLanguage=English, strMobileDevice=Apple, strModelCel=iPhone 13 Pro Max, strPassword=Daniel123456789Daniel, strPasswordConfirm=Daniel123456789Daniel} [Dado Que Daniel se encuentra posicionado en el sitio web Utest [Daniel open url [Daniel opens the Signup utest page]], Cuando Daniel se registra con sus datos
| strName | strLastName | strEmail | strMont | strDay | strYear | strCity | strCodePostal | strSystemOperativeCom | strVersion | strLanguage | strMobileDevice | strModelCel | strPassword | strPasswordConfirm |
| Daniel | Galeano | camilabcd12345@gmail.com | July | 30 | 1994 | Bello | 021xx | Linux | Linux Endless | English | Apple | iPhone 13 Pro Max | Daniel123456789Daniel | Daniel123456789Daniel | [Daniel set [Daniel clicks on Este boton nos dirige al formulario de registro, Daniel enters 'Daniel' into Input para ingresar el nombre, Daniel enters 'Galeano' into Input para ingresar el apellido, Daniel enters 'camilabcd12345@gmail.com' into Input para ingresar el correo electronico, Daniel select July on Input para ingresar el mes, Daniel select 30 on Input para ingresar el dia, Daniel select 1994 on Input para ingresar el aÃ±o, Daniel clicks on Este boton nos dirige a la siguinte pagina, Daniel esperar, Daniel enters 'Bello' into Input para ingresar la ciudad, Daniel types 'DOWN' in Input para ingresar la ciudad, Daniel types 'TAB' in Input para ingresar la ciudad, Daniel clicks on Input para ingresar el codigo postal, Daniel enters '021xx' into Input para ingresar el codigo postal, Daniel clicks on Este boton nos dirige a la siguinte pagina, Daniel clicks on Input para ingresar el sistema operativo de tu computador, Daniel enters 'Linux' into Esta es una opcion para seleccionar sistema operativo windows, Daniel types 'TAB' in Esta es una opcion para seleccionar sistema operativo windows]]]
[Test worker] INFO net.thucydides.core.steps.ConsoleLoggingListener - FINISHING STEP
[Test worker] WARN net.thucydides.core.steps.BaseStepListener - stepStarted: net.thucydides.core.steps.ExecutedStepDescription@446bfb51
[Test worker] INFO net.thucydides.core.steps.ConsoleLoggingListener - STARTING STEP Daniel clicks on Input para ingresar la version del sistema operativo del pc
[Test worker] WARN net.thucydides.core.steps.BaseStepListener - stepFinished: current outcome:Registro de un usuario exitosamente:Example: {strName=Daniel, strLastName=Galeano, strEmail=camilabcd12345@gmail.com, strMont=July, strDay=30, strYear=1994, strCity=Bello, strCodePostal=021xx, strSystemOperativeCom=Linux, strVersion=Linux Endless, strLanguage=English, strMobileDevice=Apple, strModelCel=iPhone 13 Pro Max, strPassword=Daniel123456789Daniel, strPasswordConfirm=Daniel123456789Daniel} [Dado Que Daniel se encuentra posicionado en el sitio web Utest [Daniel open url [Daniel opens the Signup utest page]], Cuando Daniel se registra con sus datos
| strName | strLastName | strEmail | strMont | strDay | strYear | strCity | strCodePostal | strSystemOperativeCom | strVersion | strLanguage | strMobileDevice | strModelCel | strPassword | strPasswordConfirm |
| Daniel | Galeano | camilabcd12345@gmail.com | July | 30 | 1994 | Bello | 021xx | Linux | Linux Endless | English | Apple | iPhone 13 Pro Max | Daniel123456789Daniel | Daniel123456789Daniel | [Daniel set [Daniel clicks on Este boton nos dirige al formulario de registro, Daniel enters 'Daniel' into Input para ingresar el nombre, Daniel enters 'Galeano' into Input para ingresar el apellido, Daniel enters 'camilabcd12345@gmail.com' into Input para ingresar el correo electronico, Daniel select July on Input para ingresar el mes, Daniel select 30 on Input para ingresar el dia, Daniel select 1994 on Input para ingresar el aÃ±o, Daniel clicks on Este boton nos dirige a la siguinte pagina, Daniel esperar, Daniel enters 'Bello' into Input para ingresar la ciudad, Daniel types 'DOWN' in Input para ingresar la ciudad, Daniel types 'TAB' in Input para ingresar la ciudad, Daniel clicks on Input para ingresar el codigo postal, Daniel enters '021xx' into Input para ingresar el codigo postal, Daniel clicks on Este boton nos dirige a la siguinte pagina, Daniel clicks on Input para ingresar el sistema operativo de tu computador, Daniel enters 'Linux' into Esta es una opcion para seleccionar sistema operativo windows, Daniel types 'TAB' in Esta es una opcion para seleccionar sistema operativo windows, Daniel clicks on Input para ingresar la version del sistema operativo del pc]]]
[Test worker] INFO net.thucydides.core.steps.ConsoleLoggingListener - FINISHING STEP
[Test worker] WARN net.thucydides.core.steps.BaseStepListener - stepStarted: net.thucydides.core.steps.ExecutedStepDescription@bf11aae
[Test worker] INFO net.thucydides.core.steps.ConsoleLoggingListener - STARTING STEP Daniel enters 'Linux Endless' into Esta es una opcion para seleccionar la version de sistema operativo
[Test worker] WARN net.thucydides.core.steps.BaseStepListener - stepFinished: current outcome:Registro de un usuario exitosamente:Example: {strName=Daniel, strLastName=Galeano, strEmail=camilabcd12345@gmail.com, strMont=July, strDay=30, strYear=1994, strCity=Bello, strCodePostal=021xx, strSystemOperativeCom=Linux, strVersion=Linux Endless, strLanguage=English, strMobileDevice=Apple, strModelCel=iPhone 13 Pro Max, strPassword=Daniel123456789Daniel, strPasswordConfirm=Daniel123456789Daniel} [Dado Que Daniel se encuentra posicionado en el sitio web Utest [Daniel open url [Daniel opens the Signup utest page]], Cuando Daniel se registra con sus datos
| strName | strLastName | strEmail | strMont | strDay | strYear | strCity | strCodePostal | strSystemOperativeCom | strVersion | strLanguage | strMobileDevice | strModelCel | strPassword | strPasswordConfirm |
| Daniel | Galeano | camilabcd12345@gmail.com | July | 30 | 1994 | Bello | 021xx | Linux | Linux Endless | English | Apple | iPhone 13 Pro Max | Daniel123456789Daniel | Daniel123456789Daniel | [Daniel set [Daniel clicks on Este boton nos dirige al formulario de registro, Daniel enters 'Daniel' into Input para ingresar el nombre, Daniel enters 'Galeano' into Input para ingresar el apellido, Daniel enters 'camilabcd12345@gmail.com' into Input para ingresar el correo electronico, Daniel select July on Input para ingresar el mes, Daniel select 30 on Input para ingresar el dia, Daniel select 1994 on Input para ingresar el aÃ±o, Daniel clicks on Este boton nos dirige a la siguinte pagina, Daniel esperar, Daniel enters 'Bello' into Input para ingresar la ciudad, Daniel types 'DOWN' in Input para ingresar la ciudad, Daniel types 'TAB' in Input para ingresar la ciudad, Daniel clicks on Input para ingresar el codigo postal, Daniel enters '021xx' into Input para ingresar el codigo postal, Daniel clicks on Este boton nos dirige a la siguinte pagina, Daniel clicks on Input para ingresar el sistema operativo de tu computador, Daniel enters 'Linux' into Esta es una opcion para seleccionar sistema operativo windows, Daniel types 'TAB' in Esta es una opcion para seleccionar sistema operativo windows, Daniel clicks on Input para ingresar la version del sistema operativo del pc, Daniel enters 'Linux Endless' into Esta es una opcion para seleccionar la version de sistema operativo]]]
[Test worker] INFO net.thucydides.core.steps.ConsoleLoggingListener - FINISHING STEP
[Test worker] WARN net.thucydides.core.steps.BaseStepListener - stepStarted: net.thucydides.core.steps.ExecutedStepDescription@5c7cb690
[Test worker] INFO net.thucydides.core.steps.ConsoleLoggingListener - STARTING STEP Daniel types 'TAB' in Esta es una opcion para seleccionar la version de sistema operativo
[Test worker] WARN net.thucydides.core.steps.BaseStepListener - stepFinished: current outcome:Registro de un usuario exitosamente:Example: {strName=Daniel, strLastName=Galeano, strEmail=camilabcd12345@gmail.com, strMont=July, strDay=30, strYear=1994, strCity=Bello, strCodePostal=021xx, strSystemOperativeCom=Linux, strVersion=Linux Endless, strLanguage=English, strMobileDevice=Apple, strModelCel=iPhone 13 Pro Max, strPassword=Daniel123456789Daniel, strPasswordConfirm=Daniel123456789Daniel} [Dado Que Daniel se encuentra posicionado en el sitio web Utest [Daniel open url [Daniel opens the Signup utest page]], Cuando Daniel se registra con sus datos
| strName | strLastName | strEmail | strMont | strDay | strYear | strCity | strCodePostal | strSystemOperativeCom | strVersion | strLanguage | strMobileDevice | strModelCel | strPassword | strPasswordConfirm |
| Daniel | Galeano | camilabcd12345@gmail.com | July | 30 | 1994 | Bello | 021xx | Linux | Linux Endless | English | Apple | iPhone 13 Pro Max | Daniel123456789Daniel | Daniel123456789Daniel | [Daniel set [Daniel clicks on Este boton nos dirige al formulario de registro, Daniel enters 'Daniel' into Input para ingresar el nombre, Daniel enters 'Galeano' into Input para ingresar el apellido, Daniel enters 'camilabcd12345@gmail.com' into Input para ingresar el correo electronico, Daniel select July on Input para ingresar el mes, Daniel select 30 on Input para ingresar el dia, Daniel select 1994 on Input para ingresar el aÃ±o, Daniel clicks on Este boton nos dirige a la siguinte pagina, Daniel esperar, Daniel enters 'Bello' into Input para ingresar la ciudad, Daniel types 'DOWN' in Input para ingresar la ciudad, Daniel types 'TAB' in Input para ingresar la ciudad, Daniel clicks on Input para ingresar el codigo postal, Daniel enters '021xx' into Input para ingresar el codigo postal, Daniel clicks on Este boton nos dirige a la siguinte pagina, Daniel clicks on Input para ingresar el sistema operativo de tu computador, Daniel enters 'Linux' into Esta es una opcion para seleccionar sistema operativo windows, Daniel types 'TAB' in Esta es una opcion para seleccionar sistema operativo windows, Daniel clicks on Input para ingresar la version del sistema operativo del pc, Daniel enters 'Linux Endless' into Esta es una opcion para seleccionar la version de sistema operativo, Daniel types 'TAB' in Esta es una opcion para seleccionar la version de sistema operativo]]]
[Test worker] INFO net.thucydides.core.steps.ConsoleLoggingListener - FINISHING STEP
[Test worker] WARN net.thucydides.core.steps.BaseStepListener - stepStarted: net.thucydides.core.steps.ExecutedStepDescription@2ad1c5cf
[Test worker] INFO net.thucydides.core.steps.ConsoleLoggingListener - STARTING STEP Daniel clicks on Input para ingresar el lenguaje del sistema operativo
[Test worker] WARN net.thucydides.core.steps.BaseStepListener - stepFinished: current outcome:Registro de un usuario exitosamente:Example: {strName=Daniel, strLastName=Galeano, strEmail=camilabcd12345@gmail.com, strMont=July, strDay=30, strYear=1994, strCity=Bello, strCodePostal=021xx, strSystemOperativeCom=Linux, strVersion=Linux Endless, strLanguage=English, strMobileDevice=Apple, strModelCel=iPhone 13 Pro Max, strPassword=Daniel123456789Daniel, strPasswordConfirm=Daniel123456789Daniel} [Dado Que Daniel se encuentra posicionado en el sitio web Utest [Daniel open url [Daniel opens the Signup utest page]], Cuando Daniel se registra con sus datos
| strName | strLastName | strEmail | strMont | strDay | strYear | strCity | strCodePostal | strSystemOperativeCom | strVersion | strLanguage | strMobileDevice | strModelCel | strPassword | strPasswordConfirm |
| Daniel | Galeano | camilabcd12345@gmail.com | July | 30 | 1994 | Bello | 021xx | Linux | Linux Endless | English | Apple | iPhone 13 Pro Max | Daniel123456789Daniel | Daniel123456789Daniel | [Daniel set [Daniel clicks on Este boton nos dirige al formulario de registro, Daniel enters 'Daniel' into Input para ingresar el nombre, Daniel enters 'Galeano' into Input para ingresar el apellido, Daniel enters 'camilabcd12345@gmail.com' into Input para ingresar el correo electronico, Daniel select July on Input para ingresar el mes, Daniel select 30 on Input para ingresar el dia, Daniel select 1994 on Input para ingresar el aÃ±o, Daniel clicks on Este boton nos dirige a la siguinte pagina, Daniel esperar, Daniel enters 'Bello' into Input para ingresar la ciudad, Daniel types 'DOWN' in Input para ingresar la ciudad, Daniel types 'TAB' in Input para ingresar la ciudad, Daniel clicks on Input para ingresar el codigo postal, Daniel enters '021xx' into Input para ingresar el codigo postal, Daniel clicks on Este boton nos dirige a la siguinte pagina, Daniel clicks on Input para ingresar el sistema operativo de tu computador, Daniel enters 'Linux' into Esta es una opcion para seleccionar sistema operativo windows, Daniel types 'TAB' in Esta es una opcion para seleccionar sistema operativo windows, Daniel clicks on Input para ingresar la version del sistema operativo del pc, Daniel enters 'Linux Endless' into Esta es una opcion para seleccionar la version de sistema operativo, Daniel types 'TAB' in Esta es una opcion para seleccionar la version de sistema operativo, Daniel clicks on Input para ingresar el lenguaje del sistema operativo]]]
[Test worker] INFO net.thucydides.core.steps.ConsoleLoggingListener - FINISHING STEP
[Test worker] WARN net.thucydides.core.steps.BaseStepListener - stepStarted: net.thucydides.core.steps.ExecutedStepDescription@65e14e27
[Test worker] INFO net.thucydides.core.steps.ConsoleLoggingListener - STARTING STEP Daniel enters 'English' into Esta es una opcion para seleccionar el lenguaje del pc
[Test worker] WARN net.thucydides.core.steps.BaseStepListener - stepFinished: current outcome:Registro de un usuario exitosamente:Example: {strName=Daniel, strLastName=Galeano, strEmail=camilabcd12345@gmail.com, strMont=July, strDay=30, strYear=1994, strCity=Bello, strCodePostal=021xx, strSystemOperativeCom=Linux, strVersion=Linux Endless, strLanguage=English, strMobileDevice=Apple, strModelCel=iPhone 13 Pro Max, strPassword=Daniel123456789Daniel, strPasswordConfirm=Daniel123456789Daniel} [Dado Que Daniel se encuentra posicionado en el sitio web Utest [Daniel open url [Daniel opens the Signup utest page]], Cuando Daniel se registra con sus datos
| strName | strLastName | strEmail | strMont | strDay | strYear | strCity | strCodePostal | strSystemOperativeCom | strVersion | strLanguage | strMobileDevice | strModelCel | strPassword | strPasswordConfirm |
| Daniel | Galeano | camilabcd12345@gmail.com | July | 30 | 1994 | Bello | 021xx | Linux | Linux Endless | English | Apple | iPhone 13 Pro Max | Daniel123456789Daniel | Daniel123456789Daniel | [Daniel set [Daniel clicks on Este boton nos dirige al formulario de registro, Daniel enters 'Daniel' into Input para ingresar el nombre, Daniel enters 'Galeano' into Input para ingresar el apellido, Daniel enters 'camilabcd12345@gmail.com' into Input para ingresar el correo electronico, Daniel select July on Input para ingresar el mes, Daniel select 30 on Input para ingresar el dia, Daniel select 1994 on Input para ingresar el aÃ±o, Daniel clicks on Este boton nos dirige a la siguinte pagina, Daniel esperar, Daniel enters 'Bello' into Input para ingresar la ciudad, Daniel types 'DOWN' in Input para ingresar la ciudad, Daniel types 'TAB' in Input para ingresar la ciudad, Daniel clicks on Input para ingresar el codigo postal, Daniel enters '021xx' into Input para ingresar el codigo postal, Daniel clicks on Este boton nos dirige a la siguinte pagina, Daniel clicks on Input para ingresar el sistema operativo de tu computador, Daniel enters 'Linux' into Esta es una opcion para seleccionar sistema operativo windows, Daniel types 'TAB' in Esta es una opcion para seleccionar sistema operativo windows, Daniel clicks on Input para ingresar la version del sistema operativo del pc, Daniel enters 'Linux Endless' into Esta es una opcion para seleccionar la version de sistema operativo, Daniel types 'TAB' in Esta es una opcion para seleccionar la version de sistema operativo, Daniel clicks on Input para ingresar el lenguaje del sistema operativo, Daniel enters 'English' into Esta es una opcion para seleccionar el lenguaje del pc]]]
[Test worker] INFO net.thucydides.core.steps.ConsoleLoggingListener - FINISHING STEP
[Test worker] WARN net.thucydides.core.steps.BaseStepListener - stepStarted: net.thucydides.core.steps.ExecutedStepDescription@27693bae
[Test worker] INFO net.thucydides.core.steps.ConsoleLoggingListener - STARTING STEP Daniel types 'TAB' in Esta es una opcion para seleccionar el lenguaje del pc
[Test worker] WARN net.thucydides.core.steps.BaseStepListener - stepFinished: current outcome:Registro de un usuario exitosamente:Example: {strName=Daniel, strLastName=Galeano, strEmail=camilabcd12345@gmail.com, strMont=July, strDay=30, strYear=1994, strCity=Bello, strCodePostal=021xx, strSystemOperativeCom=Linux, strVersion=Linux Endless, strLanguage=English, strMobileDevice=Apple, strModelCel=iPhone 13 Pro Max, strPassword=Daniel123456789Daniel, strPasswordConfirm=Daniel123456789Daniel} [Dado Que Daniel se encuentra posicionado en el sitio web Utest [Daniel open url [Daniel opens the Signup utest page]], Cuando Daniel se registra con sus datos
| strName | strLastName | strEmail | strMont | strDay | strYear | strCity | strCodePostal | strSystemOperativeCom | strVersion | strLanguage | strMobileDevice | strModelCel | strPassword | strPasswordConfirm |
| Daniel | Galeano | camilabcd12345@gmail.com | July | 30 | 1994 | Bello | 021xx | Linux | Linux Endless | English | Apple | iPhone 13 Pro Max | Daniel123456789Daniel | Daniel123456789Daniel | [Daniel set [Daniel clicks on Este boton nos dirige al formulario de registro, Daniel enters 'Daniel' into Input para ingresar el nombre, Daniel enters 'Galeano' into Input para ingresar el apellido, Daniel enters 'camilabcd12345@gmail.com' into Input para ingresar el correo electronico, Daniel select July on Input para ingresar el mes, Daniel select 30 on Input para ingresar el dia, Daniel select 1994 on Input para ingresar el aÃ±o, Daniel clicks on Este boton nos dirige a la siguinte pagina, Daniel esperar, Daniel enters 'Bello' into Input para ingresar la ciudad, Daniel types 'DOWN' in Input para ingresar la ciudad, Daniel types 'TAB' in Input para ingresar la ciudad, Daniel clicks on Input para ingresar el codigo postal, Daniel enters '021xx' into Input para ingresar el codigo postal, Daniel clicks on Este boton nos dirige a la siguinte pagina, Daniel clicks on Input para ingresar el sistema operativo de tu computador, Daniel enters 'Linux' into Esta es una opcion para seleccionar sistema operativo windows, Daniel types 'TAB' in Esta es una opcion para seleccionar sistema operativo windows, Daniel clicks on Input para ingresar la version del sistema operativo del pc, Daniel enters 'Linux Endless' into Esta es una opcion para seleccionar la version de sistema operativo, Daniel types 'TAB' in Esta es una opcion para seleccionar la version de sistema operativo, Daniel clicks on Input para ingresar el lenguaje del sistema operativo, Daniel enters 'English' into Esta es una opcion para seleccionar el lenguaje del pc, Daniel types 'TAB' in Esta es una opcion para seleccionar el lenguaje del pc]]]
[Test worker] INFO net.thucydides.core.steps.ConsoleLoggingListener - FINISHING STEP
[Test worker] WARN net.thucydides.core.steps.BaseStepListener - stepStarted: net.thucydides.core.steps.ExecutedStepDescription@17ba7c52
[Test worker] INFO net.thucydides.core.steps.ConsoleLoggingListener - STARTING STEP Daniel clicks on Input para ingresar el dispositivo movil
[Test worker] WARN net.thucydides.core.steps.BaseStepListener - stepFinished: current outcome:Registro de un usuario exitosamente:Example: {strName=Daniel, strLastName=Galeano, strEmail=camilabcd12345@gmail.com, strMont=July, strDay=30, strYear=1994, strCity=Bello, strCodePostal=021xx, strSystemOperativeCom=Linux, strVersion=Linux Endless, strLanguage=English, strMobileDevice=Apple, strModelCel=iPhone 13 Pro Max, strPassword=Daniel123456789Daniel, strPasswordConfirm=Daniel123456789Daniel} [Dado Que Daniel se encuentra posicionado en el sitio web Utest [Daniel open url [Daniel opens the Signup utest page]], Cuando Daniel se registra con sus datos
| strName | strLastName | strEmail | strMont | strDay | strYear | strCity | strCodePostal | strSystemOperativeCom | strVersion | strLanguage | strMobileDevice | strModelCel | strPassword | strPasswordConfirm |
| Daniel | Galeano | camilabcd12345@gmail.com | July | 30 | 1994 | Bello | 021xx | Linux | Linux Endless | English | Apple | iPhone 13 Pro Max | Daniel123456789Daniel | Daniel123456789Daniel | [Daniel set [Daniel clicks on Este boton nos dirige al formulario de registro, Daniel enters 'Daniel' into Input para ingresar el nombre, Daniel enters 'Galeano' into Input para ingresar el apellido, Daniel enters 'camilabcd12345@gmail.com' into Input para ingresar el correo electronico, Daniel select July on Input para ingresar el mes, Daniel select 30 on Input para ingresar el dia, Daniel select 1994 on Input para ingresar el aÃ±o, Daniel clicks on Este boton nos dirige a la siguinte pagina, Daniel esperar, Daniel enters 'Bello' into Input para ingresar la ciudad, Daniel types 'DOWN' in Input para ingresar la ciudad, Daniel types 'TAB' in Input para ingresar la ciudad, Daniel clicks on Input para ingresar el codigo postal, Daniel enters '021xx' into Input para ingresar el codigo postal, Daniel clicks on Este boton nos dirige a la siguinte pagina, Daniel clicks on Input para ingresar el sistema operativo de tu computador, Daniel enters 'Linux' into Esta es una opcion para seleccionar sistema operativo windows, Daniel types 'TAB' in Esta es una opcion para seleccionar sistema operativo windows, Daniel clicks on Input para ingresar la version del sistema operativo del pc, Daniel enters 'Linux Endless' into Esta es una opcion para seleccionar la version de sistema operativo, Daniel types 'TAB' in Esta es una opcion para seleccionar la version de sistema operativo, Daniel clicks on Input para ingresar el lenguaje del sistema operativo, Daniel enters 'English' into Esta es una opcion para seleccionar el lenguaje del pc, Daniel types 'TAB' in Esta es una opcion para seleccionar el lenguaje del pc, Daniel clicks on Input para ingresar el dispositivo movil]]]
[Test worker] INFO net.thucydides.core.steps.ConsoleLoggingListener - FINISHING STEP
[Test worker] WARN net.thucydides.core.steps.BaseStepListener - stepStarted: net.thucydides.core.steps.ExecutedStepDescription@3dc11d4a
[Test worker] INFO net.thucydides.core.steps.ConsoleLoggingListener - STARTING STEP Daniel enters 'Apple' into Esta es opcion para seleccionar el dispositivo movil
[Test worker] WARN net.thucydides.core.steps.BaseStepListener - stepFinished: current outcome:Registro de un usuario exitosamente:Example: {strName=Daniel, strLastName=Galeano, strEmail=camilabcd12345@gmail.com, strMont=July, strDay=30, strYear=1994, strCity=Bello, strCodePostal=021xx, strSystemOperativeCom=Linux, strVersion=Linux Endless, strLanguage=English, strMobileDevice=Apple, strModelCel=iPhone 13 Pro Max, strPassword=Daniel123456789Daniel, strPasswordConfirm=Daniel123456789Daniel} [Dado Que Daniel se encuentra posicionado en el sitio web Utest [Daniel open url [Daniel opens the Signup utest page]], Cuando Daniel se registra con sus datos
| strName | strLastName | strEmail | strMont | strDay | strYear | strCity | strCodePostal | strSystemOperativeCom | strVersion | strLanguage | strMobileDevice | strModelCel | strPassword | strPasswordConfirm |
| Daniel | Galeano | camilabcd12345@gmail.com | July | 30 | 1994 | Bello | 021xx | Linux | Linux Endless | English | Apple | iPhone 13 Pro Max | Daniel123456789Daniel | Daniel123456789Daniel | [Daniel set [Daniel clicks on Este boton nos dirige al formulario de registro, Daniel enters 'Daniel' into Input para ingresar el nombre, Daniel enters 'Galeano' into Input para ingresar el apellido, Daniel enters 'camilabcd12345@gmail.com' into Input para ingresar el correo electronico, Daniel select July on Input para ingresar el mes, Daniel select 30 on Input para ingresar el dia, Daniel select 1994 on Input para ingresar el aÃ±o, Daniel clicks on Este boton nos dirige a la siguinte pagina, Daniel esperar, Daniel enters 'Bello' into Input para ingresar la ciudad, Daniel types 'DOWN' in Input para ingresar la ciudad, Daniel types 'TAB' in Input para ingresar la ciudad, Daniel clicks on Input para ingresar el codigo postal, Daniel enters '021xx' into Input para ingresar el codigo postal, Daniel clicks on Este boton nos dirige a la siguinte pagina, Daniel clicks on Input para ingresar el sistema operativo de tu computador, Daniel enters 'Linux' into Esta es una opcion para seleccionar sistema operativo windows, Daniel types 'TAB' in Esta es una opcion para seleccionar sistema operativo windows, Daniel clicks on Input para ingresar la version del sistema operativo del pc, Daniel enters 'Linux Endless' into Esta es una opcion para seleccionar la version de sistema operativo, Daniel types 'TAB' in Esta es una opcion para seleccionar la version de sistema operativo, Daniel clicks on Input para ingresar el lenguaje del sistema operativo, Daniel enters 'English' into Esta es una opcion para seleccionar el lenguaje del pc, Daniel types 'TAB' in Esta es una opcion para seleccionar el lenguaje del pc, Daniel clicks on Input para ingresar el dispositivo movil, Daniel enters 'Apple' into Esta es opcion para seleccionar el dispositivo movil]]]
[Test worker] INFO net.thucydides.core.steps.ConsoleLoggingListener - FINISHING STEP
[Test worker] WARN net.thucydides.core.steps.BaseStepListener - stepStarted: net.thucydides.core.steps.ExecutedStepDescription@4c136f6
[Test worker] INFO net.thucydides.core.steps.ConsoleLoggingListener - STARTING STEP Daniel types 'TAB' in Esta es opcion para seleccionar el dispositivo movil
[Test worker] WARN net.thucydides.core.steps.BaseStepListener - stepFinished: current outcome:Registro de un usuario exitosamente:Example: {strName=Daniel, strLastName=Galeano, strEmail=camilabcd12345@gmail.com, strMont=July, strDay=30, strYear=1994, strCity=Bello, strCodePostal=021xx, strSystemOperativeCom=Linux, strVersion=Linux Endless, strLanguage=English, strMobileDevice=Apple, strModelCel=iPhone 13 Pro Max, strPassword=Daniel123456789Daniel, strPasswordConfirm=Daniel123456789Daniel} [Dado Que Daniel se encuentra posicionado en el sitio web Utest [Daniel open url [Daniel opens the Signup utest page]], Cuando Daniel se registra con sus datos
| strName | strLastName | strEmail | strMont | strDay | strYear | strCity | strCodePostal | strSystemOperativeCom | strVersion | strLanguage | strMobileDevice | strModelCel | strPassword | strPasswordConfirm |
| Daniel | Galeano | camilabcd12345@gmail.com | July | 30 | 1994 | Bello | 021xx | Linux | Linux Endless | English | Apple | iPhone 13 Pro Max | Daniel123456789Daniel | Daniel123456789Daniel | [Daniel set [Daniel clicks on Este boton nos dirige al formulario de registro, Daniel enters 'Daniel' into Input para ingresar el nombre, Daniel enters 'Galeano' into Input para ingresar el apellido, Daniel enters 'camilabcd12345@gmail.com' into Input para ingresar el correo electronico, Daniel select July on Input para ingresar el mes, Daniel select 30 on Input para ingresar el dia, Daniel select 1994 on Input para ingresar el aÃ±o, Daniel clicks on Este boton nos dirige a la siguinte pagina, Daniel esperar, Daniel enters 'Bello' into Input para ingresar la ciudad, Daniel types 'DOWN' in Input para ingresar la ciudad, Daniel types 'TAB' in Input para ingresar la ciudad, Daniel clicks on Input para ingresar el codigo postal, Daniel enters '021xx' into Input para ingresar el codigo postal, Daniel clicks on Este boton nos dirige a la siguinte pagina, Daniel clicks on Input para ingresar el sistema operativo de tu computador, Daniel enters 'Linux' into Esta es una opcion para seleccionar sistema operativo windows, Daniel types 'TAB' in Esta es una opcion para seleccionar sistema operativo windows, Daniel clicks on Input para ingresar la version del sistema operativo del pc, Daniel enters 'Linux Endless' into Esta es una opcion para seleccionar la version de sistema operativo, Daniel types 'TAB' in Esta es una opcion para seleccionar la version de sistema operativo, Daniel clicks on Input para ingresar el lenguaje del sistema operativo, Daniel enters 'English' into Esta es una opcion para seleccionar el lenguaje del pc, Daniel types 'TAB' in Esta es una opcion para seleccionar el lenguaje del pc, Daniel clicks on Input para ingresar el dispositivo movil, Daniel enters 'Apple' into Esta es opcion para seleccionar el dispositivo movil, Daniel types 'TAB' in Esta es opcion para seleccionar el dispositivo movil]]]
[Test worker] INFO net.thucydides.core.steps.ConsoleLoggingListener - FINISHING STEP
[Test worker] WARN net.thucydides.core.steps.BaseStepListener - stepStarted: net.thucydides.core.steps.ExecutedStepDescription@229543c
[Test worker] INFO net.thucydides.core.steps.ConsoleLoggingListener - STARTING STEP Daniel clicks on Input para ingresar el modelo del dispositivo movil
[Test worker] WARN net.thucydides.core.steps.BaseStepListener - stepFinished: current outcome:Registro de un usuario exitosamente:Example: {strName=Daniel, strLastName=Galeano, strEmail=camilabcd12345@gmail.com, strMont=July, strDay=30, strYear=1994, strCity=Bello, strCodePostal=021xx, strSystemOperativeCom=Linux, strVersion=Linux Endless, strLanguage=English, strMobileDevice=Apple, strModelCel=iPhone 13 Pro Max, strPassword=Daniel123456789Daniel, strPasswordConfirm=Daniel123456789Daniel} [Dado Que Daniel se encuentra posicionado en el sitio web Utest [Daniel open url [Daniel opens the Signup utest page]], Cuando Daniel se registra con sus datos
| strName | strLastName | strEmail | strMont | strDay | strYear | strCity | strCodePostal | strSystemOperativeCom | strVersion | strLanguage | strMobileDevice | strModelCel | strPassword | strPasswordConfirm |
| Daniel | Galeano | camilabcd12345@gmail.com | July | 30 | 1994 | Bello | 021xx | Linux | Linux Endless | English | Apple | iPhone 13 Pro Max | Daniel123456789Daniel | Daniel123456789Daniel | [Daniel set [Daniel clicks on Este boton nos dirige al formulario de registro, Daniel enters 'Daniel' into Input para ingresar el nombre, Daniel enters 'Galeano' into Input para ingresar el apellido, Daniel enters 'camilabcd12345@gmail.com' into Input para ingresar el correo electronico, Daniel select July on Input para ingresar el mes, Daniel select 30 on Input para ingresar el dia, Daniel select 1994 on Input para ingresar el aÃ±o, Daniel clicks on Este boton nos dirige a la siguinte pagina, Daniel esperar, Daniel enters 'Bello' into Input para ingresar la ciudad, Daniel types 'DOWN' in Input para ingresar la ciudad, Daniel types 'TAB' in Input para ingresar la ciudad, Daniel clicks on Input para ingresar el codigo postal, Daniel enters '021xx' into Input para ingresar el codigo postal, Daniel clicks on Este boton nos dirige a la siguinte pagina, Daniel clicks on Input para ingresar el sistema operativo de tu computador, Daniel enters 'Linux' into Esta es una opcion para seleccionar sistema operativo windows, Daniel types 'TAB' in Esta es una opcion para seleccionar sistema operativo windows, Daniel clicks on Input para ingresar la version del sistema operativo del pc, Daniel enters 'Linux Endless' into Esta es una opcion para seleccionar la version de sistema operativo, Daniel types 'TAB' in Esta es una opcion para seleccionar la version de sistema operativo, Daniel clicks on Input para ingresar el lenguaje del sistema operativo, Daniel enters 'English' into Esta es una opcion para seleccionar el lenguaje del pc, Daniel types 'TAB' in Esta es una opcion para seleccionar el lenguaje del pc, Daniel clicks on Input para ingresar el dispositivo movil, Daniel enters 'Apple' into Esta es opcion para seleccionar el dispositivo movil, Daniel types 'TAB' in Esta es opcion para seleccionar el dispositivo movil, Daniel clicks on Input para ingresar el modelo del dispositivo movil]]]
[Test worker] INFO net.thucydides.core.steps.ConsoleLoggingListener - FINISHING STEP
[Test worker] WARN net.thucydides.core.steps.BaseStepListener - stepStarted: net.thucydides.core.steps.ExecutedStepDescription@46d59f29
[Test worker] INFO net.thucydides.core.steps.ConsoleLoggingListener - STARTING STEP Daniel enters 'iPhone 13 Pro Max' into Esta es una opcion para seleccionar el modelo del dispositivo movil
[Test worker] WARN net.thucydides.core.steps.BaseStepListener - stepFinished: current outcome:Registro de un usuario exitosamente:Example: {strName=Daniel, strLastName=Galeano, strEmail=camilabcd12345@gmail.com, strMont=July, strDay=30, strYear=1994, strCity=Bello, strCodePostal=021xx, strSystemOperativeCom=Linux, strVersion=Linux Endless, strLanguage=English, strMobileDevice=Apple, strModelCel=iPhone 13 Pro Max, strPassword=Daniel123456789Daniel, strPasswordConfirm=Daniel123456789Daniel} [Dado Que Daniel se encuentra posicionado en el sitio web Utest [Daniel open url [Daniel opens the Signup utest page]], Cuando Daniel se registra con sus datos
| strName | strLastName | strEmail | strMont | strDay | strYear | strCity | strCodePostal | strSystemOperativeCom | strVersion | strLanguage | strMobileDevice | strModelCel | strPassword | strPasswordConfirm |
| Daniel | Galeano | camilabcd12345@gmail.com | July | 30 | 1994 | Bello | 021xx | Linux | Linux Endless | English | Apple | iPhone 13 Pro Max | Daniel123456789Daniel | Daniel123456789Daniel | [Daniel set [Daniel clicks on Este boton nos dirige al formulario de registro, Daniel enters 'Daniel' into Input para ingresar el nombre, Daniel enters 'Galeano' into Input para ingresar el apellido, Daniel enters 'camilabcd12345@gmail.com' into Input para ingresar el correo electronico, Daniel select July on Input para ingresar el mes, Daniel select 30 on Input para ingresar el dia, Daniel select 1994 on Input para ingresar el aÃ±o, Daniel clicks on Este boton nos dirige a la siguinte pagina, Daniel esperar, Daniel enters 'Bello' into Input para ingresar la ciudad, Daniel types 'DOWN' in Input para ingresar la ciudad, Daniel types 'TAB' in Input para ingresar la ciudad, Daniel clicks on Input para ingresar el codigo postal, Daniel enters '021xx' into Input para ingresar el codigo postal, Daniel clicks on Este boton nos dirige a la siguinte pagina, Daniel clicks on Input para ingresar el sistema operativo de tu computador, Daniel enters 'Linux' into Esta es una opcion para seleccionar sistema operativo windows, Daniel types 'TAB' in Esta es una opcion para seleccionar sistema operativo windows, Daniel clicks on Input para ingresar la version del sistema operativo del pc, Daniel enters 'Linux Endless' into Esta es una opcion para seleccionar la version de sistema operativo, Daniel types 'TAB' in Esta es una opcion para seleccionar la version de sistema operativo, Daniel clicks on Input para ingresar el lenguaje del sistema operativo, Daniel enters 'English' into Esta es una opcion para seleccionar el lenguaje del pc, Daniel types 'TAB' in Esta es una opcion para seleccionar el lenguaje del pc, Daniel clicks on Input para ingresar el dispositivo movil, Daniel enters 'Apple' into Esta es opcion para seleccionar el dispositivo movil, Daniel types 'TAB' in Esta es opcion para seleccionar el dispositivo movil, Daniel clicks on Input para ingresar el modelo del dispositivo movil, Daniel enters 'iPhone 13 Pro Max' into Esta es una opcion para seleccionar el modelo del dispositivo movil]]]
[Test worker] INFO net.thucydides.core.steps.ConsoleLoggingListener - FINISHING STEP
[Test worker] WARN net.thucydides.core.steps.BaseStepListener - stepStarted: net.thucydides.core.steps.ExecutedStepDescription@6f2b69e2
[Test worker] INFO net.thucydides.core.steps.ConsoleLoggingListener - STARTING STEP Daniel types 'TAB' in Esta es una opcion para seleccionar el modelo del dispositivo movil
[Test worker] WARN net.thucydides.core.steps.BaseStepListener - stepFinished: current outcome:Registro de un usuario exitosamente:Example: {strName=Daniel, strLastName=Galeano, strEmail=camilabcd12345@gmail.com, strMont=July, strDay=30, strYear=1994, strCity=Bello, strCodePostal=021xx, strSystemOperativeCom=Linux, strVersion=Linux Endless, strLanguage=English, strMobileDevice=Apple, strModelCel=iPhone 13 Pro Max, strPassword=Daniel123456789Daniel, strPasswordConfirm=Daniel123456789Daniel} [Dado Que Daniel se encuentra posicionado en el sitio web Utest [Daniel open url [Daniel opens the Signup utest page]], Cuando Daniel se registra con sus datos
| strName | strLastName | strEmail | strMont | strDay | strYear | strCity | strCodePostal | strSystemOperativeCom | strVersion | strLanguage | strMobileDevice | strModelCel | strPassword | strPasswordConfirm |
| Daniel | Galeano | camilabcd12345@gmail.com | July | 30 | 1994 | Bello | 021xx | Linux | Linux Endless | English | Apple | iPhone 13 Pro Max | Daniel123456789Daniel | Daniel123456789Daniel | [Daniel set [Daniel clicks on Este boton nos dirige al formulario de registro, Daniel enters 'Daniel' into Input para ingresar el nombre, Daniel enters 'Galeano' into Input para ingresar el apellido, Daniel enters 'camilabcd12345@gmail.com' into Input para ingresar el correo electronico, Daniel select July on Input para ingresar el mes, Daniel select 30 on Input para ingresar el dia, Daniel select 1994 on Input para ingresar el aÃ±o, Daniel clicks on Este boton nos dirige a la siguinte pagina, Daniel esperar, Daniel enters 'Bello' into Input para ingresar la ciudad, Daniel types 'DOWN' in Input para ingresar la ciudad, Daniel types 'TAB' in Input para ingresar la ciudad, Daniel clicks on Input para ingresar el codigo postal, Daniel enters '021xx' into Input para ingresar el codigo postal, Daniel clicks on Este boton nos dirige a la siguinte pagina, Daniel clicks on Input para ingresar el sistema operativo de tu computador, Daniel enters 'Linux' into Esta es una opcion para seleccionar sistema operativo windows, Daniel types 'TAB' in Esta es una opcion para seleccionar sistema operativo windows, Daniel clicks on Input para ingresar la version del sistema operativo del pc, Daniel enters 'Linux Endless' into Esta es una opcion para seleccionar la version de sistema operativo, Daniel types 'TAB' in Esta es una opcion para seleccionar la version de sistema operativo, Daniel clicks on Input para ingresar el lenguaje del sistema operativo, Daniel enters 'English' into Esta es una opcion para seleccionar el lenguaje del pc, Daniel types 'TAB' in Esta es una opcion para seleccionar el lenguaje del pc, Daniel clicks on Input para ingresar el dispositivo movil, Daniel enters 'Apple' into Esta es opcion para seleccionar el dispositivo movil, Daniel types 'TAB' in Esta es opcion para seleccionar el dispositivo movil, Daniel clicks on Input para ingresar el modelo del dispositivo movil, Daniel enters 'iPhone 13 Pro Max' into Esta es una opcion para seleccionar el modelo del dispositivo movil, Daniel types 'TAB' in Esta es una opcion para seleccionar el modelo del dispositivo movil]]]
[Test worker] INFO net.thucydides.core.steps.ConsoleLoggingListener - FINISHING STEP
[Test worker] WARN net.thucydides.core.steps.BaseStepListener - stepStarted: net.thucydides.core.steps.ExecutedStepDescription@35b5d322
[Test worker] INFO net.thucydides.core.steps.ConsoleLoggingListener - STARTING STEP Daniel clicks on Input para ingresar el sistema operativo del dispositivo movil
[Test worker] WARN net.thucydides.core.steps.BaseStepListener - stepFinished: current outcome:Registro de un usuario exitosamente:Example: {strName=Daniel, strLastName=Galeano, strEmail=camilabcd12345@gmail.com, strMont=July, strDay=30, strYear=1994, strCity=Bello, strCodePostal=021xx, strSystemOperativeCom=Linux, strVersion=Linux Endless, strLanguage=English, strMobileDevice=Apple, strModelCel=iPhone 13 Pro Max, strPassword=Daniel123456789Daniel, strPasswordConfirm=Daniel123456789Daniel} [Dado Que Daniel se encuentra posicionado en el sitio web Utest [Daniel open url [Daniel opens the Signup utest page]], Cuando Daniel se registra con sus datos
| strName | strLastName | strEmail | strMont | strDay | strYear | strCity | strCodePostal | strSystemOperativeCom | strVersion | strLanguage | strMobileDevice | strModelCel | strPassword | strPasswordConfirm |
[...]
| Daniel | Galeano | camilabcd12345@gmail.com | July | 30 | 1994 | Bello | 021xx | Linux | Linux Endless | English | Apple | iPhone 13 Pro Max | Daniel123456789Daniel | Daniel123456789Daniel | [Daniel set [Daniel clicks on Este boton nos dirige al formulario de registro, Daniel enters 'Daniel' into Input para ingresar el nombre, Daniel enters 'Galeano' into Input para ingresar el apellido, Daniel enters 'camilabcd12345@gmail.com' into Input para ingresar el correo electronico, Daniel select July on Input para ingresar el mes, Daniel select 30 on Input para ingresar el dia, Daniel select 1994 on Input para ingresar el aÃ±o, Daniel clicks on Este boton nos dirige a la siguinte pagina, Daniel esperar, Daniel enters 'Bello' into Input para ingresar la ciudad, Daniel types 'DOWN' in Input para ingresar la ciudad, Daniel types 'TAB' in Input para ingresar la ciudad, Daniel clicks on Input para ingresar el codigo postal, Daniel enters '021xx' into Input para ingresar el codigo postal, Daniel clicks on Este boton nos dirige a la siguinte pagina, Daniel clicks on Input para ingresar el sistema operativo de tu computador, Daniel enters 'Linux' into Esta es una opcion para seleccionar sistema operativo windows, Daniel types 'TAB' in Esta es una opcion para seleccionar sistema operativo windows, Daniel clicks on Input para ingresar la version del sistema operativo del pc, Daniel enters 'Linux Endless' into Esta es una opcion para seleccionar la version de sistema operativo, Daniel types 'TAB' in Esta es una opcion para seleccionar la version de sistema operativo, Daniel clicks on Input para ingresar el lenguaje del sistema operativo, Daniel enters 'English' into Esta es una opcion para seleccionar el lenguaje del pc, Daniel types 'TAB' in Esta es una opcion para seleccionar el lenguaje del pc, Daniel clicks on Input para ingresar el dispositivo movil, Daniel enters 'Apple' into Esta es opcion para seleccionar el dispositivo movil, Daniel types 'TAB' in Esta es opcion para seleccionar el dispositivo movil, Daniel clicks on Input para ingresar el modelo del dispositivo movil, Daniel enters 'iPhone 13 Pro Max' into Esta es una opcion para seleccionar el modelo del dispositivo movil, Daniel types 'TAB' in Esta es una opcion para seleccionar el modelo del dispositivo movil, Daniel clicks on Input para ingresar el sistema operativo del dispositivo movil, Daniel clicks on Esta es una opcion para seleccionar el modelo del dispositivo movil, Daniel clicks on Este boton nos dirige a la siguinte pagina, Daniel enters 'Daniel123456789Daniel' into Input para ingresar la clave, Daniel enters 'Daniel123456789Daniel' into Input para ingresar la confirmacion de la clave, Daniel clicks on Este checklist es para confirmar el registro, Daniel clicks on Este checklist es para confirmar el registro, Daniel clicks on Este checklist es para confirmar el registro, Daniel clicks on Este boton es para confirmar el registro, Daniel esperar]], Entonces El sistema lo posiciona en la pagina Welcome y valida el mensaje
| strMessageConfirm |
| Welcome to the world's largest community of freelance software testers! | [Then answer]]
[Test worker] INFO net.thucydides.core.steps.ConsoleLoggingListener - FINISHING STEP
[Test worker] WARN net.thucydides.core.steps.BaseStepListener - stepFinished: current outcome:Registro de un usuario exitosamente:Example: {strName=Daniel, strLastName=Galeano, strEmail=camilabcd12345@gmail.com, strMont=July, strDay=30, strYear=1994, strCity=Bello, strCodePostal=021xx, strSystemOperativeCom=Linux, strVersion=Linux Endless, strLanguage=English, strMobileDevice=Apple, strModelCel=iPhone 13 Pro Max, strPassword=Daniel123456789Daniel, strPasswordConfirm=Daniel123456789Daniel} [Dado Que Daniel se encuentra posicionado en el sitio web Utest [Daniel open url [Daniel opens the Signup utest page]], Cuando Daniel se registra con sus datos
| strName | strLastName | strEmail | strMont | strDay | strYear | strCity | strCodePostal | strSystemOperativeCom | strVersion | strLanguage | strMobileDevice | strModelCel | strPassword | strPasswordConfirm |
| Daniel | Galeano | camilabcd12345@gmail.com | July | 30 | 1994 | Bello | 021xx | Linux | Linux Endless | English | Apple | iPhone 13 Pro Max | Daniel123456789Daniel | Daniel123456789Daniel | [Daniel set [Daniel clicks on Este boton nos dirige al formulario de registro, Daniel enters 'Daniel' into Input para ingresar el nombre, Daniel enters 'Galeano' into Input para ingresar el apellido, Daniel enters 'camilabcd12345@gmail.com' into Input para ingresar el correo electronico, Daniel select July on Input para ingresar el mes, Daniel select 30 on Input para ingresar el dia, Daniel select 1994 on Input para ingresar el aÃ±o, Daniel clicks on Este boton nos dirige a la siguinte pagina, Daniel esperar, Daniel enters 'Bello' into Input para ingresar la ciudad, Daniel types 'DOWN' in Input para ingresar la ciudad, Daniel types 'TAB' in Input para ingresar la ciudad, Daniel clicks on Input para ingresar el codigo postal, Daniel enters '021xx' into Input para ingresar el codigo postal, Daniel clicks on Este boton nos dirige a la siguinte pagina, Daniel clicks on Input para ingresar el sistema operativo de tu computador, Daniel enters 'Linux' into Esta es una opcion para seleccionar sistema operativo windows, Daniel types 'TAB' in Esta es una opcion para seleccionar sistema operativo windows, Daniel clicks on Input para ingresar la version del sistema operativo del pc, Daniel enters 'Linux Endless' into Esta es una opcion para seleccionar la version de sistema operativo, Daniel types 'TAB' in Esta es una opcion para seleccionar la version de sistema operativo, Daniel clicks on Input para ingresar el lenguaje del sistema operativo, Daniel enters 'English' into Esta es una opcion para seleccionar el lenguaje del pc, Daniel types 'TAB' in Esta es una opcion para seleccionar el lenguaje del pc, Daniel clicks on Input para ingresar el dispositivo movil, Daniel enters 'Apple' into Esta es opcion para seleccionar el dispositivo movil, Daniel types 'TAB' in Esta es opcion para seleccionar el dispositivo movil, Daniel clicks on Input para ingresar el modelo del dispositivo movil, Daniel enters 'iPhone 13 Pro Max' into Esta es una opcion para seleccionar el modelo del dispositivo movil, Daniel types 'TAB' in Esta es una opcion para seleccionar el modelo del dispositivo movil, Daniel clicks on Input para ingresar el sistema operativo del dispositivo movil, Daniel clicks on Esta es una opcion para seleccionar el modelo del dispositivo movil, Daniel clicks on Este boton nos dirige a la siguinte pagina, Daniel enters 'Daniel123456789Daniel' into Input para ingresar la clave, Daniel enters 'Daniel123456789Daniel' into Input para ingresar la confirmacion de la clave, Daniel clicks on Este checklist es para confirmar el registro, Daniel clicks on Este checklist es para confirmar el registro, Daniel clicks on Este checklist es para confirmar el registro, Daniel clicks on Este boton es para confirmar el registro, Daniel esperar]], Entonces El sistema lo posiciona en la pagina Welcome y valida el mensaje
| strMessageConfirm |
| Welcome to the world's largest community of freelance software testers! | [Then answer]]
[Test worker] INFO net.thucydides.core.steps.ConsoleLoggingListener - FINISHING STEP
[Test worker] WARN net.thucydides.core.steps.BaseStepListener - testFinished: Registro de un usuario exitosamente:Example: {strName=Daniel, strLastName=Galeano, strEmail=camilabcd12345@gmail.com, strMont=July, strDay=30, strYear=1994, strCity=Bello, strCodePostal=021xx, strSystemOperativeCom=Linux, strVersion=Linux Endless, strLanguage=English, strMobileDevice=Apple, strModelCel=iPhone 13 Pro Max, strPassword=Daniel123456789Daniel, strPasswordConfirm=Daniel123456789Daniel} [Dado Que Daniel se encuentra posicionado en el sitio web Utest [Daniel open url [Daniel opens the Signup utest page]], Cuando Daniel se registra con sus datos
| strName | strLastName | strEmail | strMont | strDay | strYear | strCity | strCodePostal | strSystemOperativeCom | strVersion | strLanguage | strMobileDevice | strModelCel | strPassword | strPasswordConfirm |
| Daniel | Galeano | camilabcd12345@gmail.com | July | 30 | 1994 | Bello | 021xx | Linux | Linux Endless | English | Apple | iPhone 13 Pro Max | Daniel123456789Daniel | Daniel123456789Daniel | [Daniel set [Daniel clicks on Este boton nos dirige al formulario de registro, Daniel enters 'Daniel' into Input para ingresar el nombre, Daniel enters 'Galeano' into Input para ingresar el apellido, Daniel enters 'camilabcd12345@gmail.com' into Input para ingresar el correo electronico, Daniel select July on Input para ingresar el mes, Daniel select 30 on Input para ingresar el dia, Daniel select 1994 on Input para ingresar el aÃ±o, Daniel clicks on Este boton nos dirige a la siguinte pagina, Daniel esperar, Daniel enters 'Bello' into Input para ingresar la ciudad, Daniel types 'DOWN' in Input para ingresar la ciudad, Daniel types 'TAB' in Input para ingresar la ciudad, Daniel clicks on Input para ingresar el codigo postal, Daniel enters '021xx' into Input para ingresar el codigo postal, Daniel clicks on Este boton nos dirige a la siguinte pagina, Daniel clicks on Input para ingresar el sistema operativo de tu computador, Daniel enters 'Linux' into Esta es una opcion para seleccionar sistema operativo windows, Daniel types 'TAB' in Esta es una opcion para seleccionar sistema operativo windows, Daniel clicks on Input para ingresar la version del sistema operativo del pc, Daniel enters 'Linux Endless' into Esta es una opcion para seleccionar la version de sistema operativo, Daniel types 'TAB' in Esta es una opcion para seleccionar la version de sistema operativo, Daniel clicks on Input para ingresar el lenguaje del sistema operativo, Daniel enters 'English' into Esta es una opcion para seleccionar el lenguaje del pc, Daniel types 'TAB' in Esta es una opcion para seleccionar el lenguaje del pc, Daniel clicks on Input para ingresar el dispositivo movil, Daniel enters 'Apple' into Esta es opcion para seleccionar el dispositivo movil, Daniel types 'TAB' in Esta es opcion para seleccionar el dispositivo movil, Daniel clicks on Input para ingresar el modelo del dispositivo movil, Daniel enters 'iPhone 13 Pro Max' into Esta es una opcion para seleccionar el modelo del dispositivo movil, Daniel types 'TAB' in Esta es una opcion para seleccionar el modelo del dispositivo movil, Daniel clicks on Input para ingresar el sistema operativo del dispositivo movil, Daniel clicks on Esta es una opcion para seleccionar el modelo del dispositivo movil, Daniel clicks on Este boton nos dirige a la siguinte pagina, Daniel enters 'Daniel123456789Daniel' into Input para ingresar la clave, Daniel enters 'Daniel123456789Daniel' into Input para ingresar la confirmacion de la clave, Daniel clicks on Este checklist es para confirmar el registro, Daniel clicks on Este checklist es para confirmar el registro, Daniel clicks on Este checklist es para confirmar el registro, Daniel clicks on Este boton es para confirmar el registro, Daniel esperar]], Entonces El sistema lo posiciona en la pagina Welcome y valida el mensaje
| strMessageConfirm |
| Welcome to the world's largest community of freelance software testers! | [Then answer]]
[Test worker] WARN net.thucydides.core.steps.BaseStepListener - TestOutcomes: [Registro de un usuario exitosamente:Example: {strName=Daniel, strLastName=Galeano, strEmail=camilabcd12345@gmail.com, strMont=July, strDay=30, strYear=1994, strCity=Bello, strCodePostal=021xx, strSystemOperativeCom=Linux, strVersion=Linux Endless, strLanguage=English, strMobileDevice=Apple, strModelCel=iPhone 13 Pro Max, strPassword=Daniel123456789Daniel, strPasswordConfirm=Daniel123456789Daniel} [Dado Que Daniel se encuentra posicionado en el sitio web Utest [Daniel open url [Daniel opens the Signup utest page]], Cuando Daniel se registra con sus datos
| strName | strLastName | strEmail | strMont | strDay | strYear | strCity | strCodePostal | strSystemOperativeCom | strVersion | strLanguage | strMobileDevice | strModelCel | strPassword | strPasswordConfirm |
| Daniel | Galeano | camilabcd12345@gmail.com | July | 30 | 1994 | Bello | 021xx | Linux | Linux Endless | English | Apple | iPhone 13 Pro Max | Daniel123456789Daniel | Daniel123456789Daniel | [Daniel set [Daniel clicks on Este boton nos dirige al formulario de registro, Daniel enters 'Daniel' into Input para ingresar el nombre, Daniel enters 'Galeano' into Input para ingresar el apellido, Daniel enters 'camilabcd12345@gmail.com' into Input para ingresar el correo electronico, Daniel select July on Input para ingresar el mes, Daniel select 30 on Input para ingresar el dia, Daniel select 1994 on Input para ingresar el aÃ±o, Daniel clicks on Este boton nos dirige a la siguinte pagina, Daniel esperar, Daniel enters 'Bello' into Input para ingresar la ciudad, Daniel types 'DOWN' in Input para ingresar la ciudad, Daniel types 'TAB' in Input para ingresar la ciudad, Daniel clicks on Input para ingresar el codigo postal, Daniel enters '021xx' into Input para ingresar el codigo postal, Daniel clicks on Este boton nos dirige a la siguinte pagina, Daniel clicks on Input para ingresar el sistema operativo de tu computador, Daniel enters 'Linux' into Esta es una opcion para seleccionar sistema operativo windows, Daniel types 'TAB' in Esta es una opcion para seleccionar sistema operativo windows, Daniel clicks on Input para ingresar la version del sistema operativo del pc, Daniel enters 'Linux Endless' into Esta es una opcion para seleccionar la version de sistema operativo, Daniel types 'TAB' in Esta es una opcion para seleccionar la version de sistema operativo, Daniel clicks on Input para ingresar el lenguaje del sistema operativo, Daniel enters 'English' into Esta es una opcion para seleccionar el lenguaje del pc, Daniel types 'TAB' in Esta es una opcion para seleccionar el lenguaje del pc, Daniel clicks on Input para ingresar el dispositivo movil, Daniel enters 'Apple' into Esta es opcion para seleccionar el dispositivo movil, Daniel types 'TAB' in Esta es opcion para seleccionar el dispositivo movil, Daniel clicks on Input para ingresar el modelo del dispositivo movil, Daniel enters 'iPhone 13 Pro Max' into Esta es una opcion para seleccionar el modelo del dispositivo movil, Daniel types 'TAB' in Esta es una opcion para seleccionar el modelo del dispositivo movil, Daniel clicks on Input para ingresar el sistema operativo del dispositivo movil, Daniel clicks on Esta es una opcion para seleccionar el modelo del dispositivo movil, Daniel clicks on Este boton nos dirige a la siguinte pagina, Daniel enters 'Daniel123456789Daniel' into Input para ingresar la clave, Daniel enters 'Daniel123456789Daniel' into Input para ingresar la confirmacion de la clave, Daniel clicks on Este checklist es para confirmar el registro, Daniel clicks on Este checklist es para confirmar el registro, Daniel clicks on Este checklist es para confirmar el registro, Daniel clicks on Este boton es para confirmar el registro, Daniel esperar]], Entonces El sistema lo posiciona en la pagina Welcome y valida el mensaje
| strMessageConfirm |
| Welcome to the world's largest community of freelance software testers! | [Then answer]]]
[Test worker] WARN net.thucydides.core.steps.BaseStepListener - Final testOutcomes: [Registro de un usuario exitosamente:Example: {strName=Daniel, strLastName=Galeano, strEmail=camilabcd12345@gmail.com, strMont=July, strDay=30, strYear=1994, strCity=Bello, strCodePostal=021xx, strSystemOperativeCom=Linux, strVersion=Linux Endless, strLanguage=English, strMobileDevice=Apple, strModelCel=iPhone 13 Pro Max, strPassword=Daniel123456789Daniel, strPasswordConfirm=Daniel123456789Daniel} [Dado Que Daniel se encuentra posicionado en el sitio web Utest [Daniel open url [Daniel opens the Signup utest page]], Cuando Daniel se registra con sus datos
| strName | strLastName | strEmail | strMont | strDay | strYear | strCity | strCodePostal | strSystemOperativeCom | strVersion | strLanguage | strMobileDevice | strModelCel | strPassword | strPasswordConfirm |
| Daniel | Galeano | camilabcd12345@gmail.com | July | 30 | 1994 | Bello | 021xx | Linux | Linux Endless | English | Apple | iPhone 13 Pro Max | Daniel123456789Daniel | Daniel123456789Daniel | [Daniel set [Daniel clicks on Este boton nos dirige al formulario de registro, Daniel enters 'Daniel' into Input para ingresar el nombre, Daniel enters 'Galeano' into Input para ingresar el apellido, Daniel enters 'camilabcd12345@gmail.com' into Input para ingresar el correo electronico, Daniel select July on Input para ingresar el mes, Daniel select 30 on Input para ingresar el dia, Daniel select 1994 on Input para ingresar el aÃ±o, Daniel clicks on Este boton nos dirige a la siguinte pagina, Daniel esperar, Daniel enters 'Bello' into Input para ingresar la ciudad, Daniel types 'DOWN' in Input para ingresar la ciudad, Daniel types 'TAB' in Input para ingresar la ciudad, Daniel clicks on Input para ingresar el codigo postal, Daniel enters '021xx' into Input para ingresar el codigo postal, Daniel clicks on Este boton nos dirige a la siguinte pagina, Daniel clicks on Input para ingresar el sistema operativo de tu computador, Daniel enters 'Linux' into Esta es una opcion para seleccionar sistema operativo windows, Daniel types 'TAB' in Esta es una opcion para seleccionar sistema operativo windows, Daniel clicks on Input para ingresar la version del sistema operativo del pc, Daniel enters 'Linux Endless' into Esta es una opcion para seleccionar la version de sistema operativo, Daniel types 'TAB' in Esta es una opcion para seleccionar la version de sistema operativo, Daniel clicks on Input para ingresar el lenguaje del sistema operativo, Daniel enters 'English' into Esta es una opcion para seleccionar el lenguaje del pc, Daniel types 'TAB' in Esta es una opcion para seleccionar el lenguaje del pc, Daniel clicks on Input para ingresar el dispositivo movil, Daniel enters 'Apple' into Esta es opcion para seleccionar el dispositivo movil, Daniel types 'TAB' in Esta es opcion para seleccionar el dispositivo movil, Daniel clicks on Input para ingresar el modelo del dispositivo movil, Daniel enters 'iPhone 13 Pro Max' into Esta es una opcion para seleccionar el modelo del dispositivo movil, Daniel types 'TAB' in Esta es una opcion para seleccionar el modelo del dispositivo movil, Daniel clicks on Input para ingresar el sistema operativo del dispositivo movil, Daniel clicks on Esta es una opcion para seleccionar el modelo del dispositivo movil, Daniel clicks on Este boton nos dirige a la siguinte pagina, Daniel enters 'Daniel123456789Daniel' into Input para ingresar la clave, Daniel enters 'Daniel123456789Daniel' into Input para ingresar la confirmacion de la clave, Daniel clicks on Este checklist es para confirmar el registro, Daniel clicks on Este checklist es para confirmar el registro, Daniel clicks on Este checklist es para confirmar el registro, Daniel clicks on Este boton es para confirmar el registro, Daniel esperar]], Entonces El sistema lo posiciona en la pagina Welcome y valida el mensaje
| strMessageConfirm |
| Welcome to the world's largest community of freelance software testers! | [Then answer]]]
[Test worker] INFO net.thucydides.core.steps.ConsoleLoggingListener - 
        __    _____ _____ ____ _____   ____   _    ____  ____  _____ ____  
  _     \ \  |_   _| ____/ ___|_   _| |  _ \ / \  / ___|/ ___|| ____|  _ \ 
 (_)_____| |   | | |  _| \___ \ | |   | |_) / _ \ \___ \\___ \|  _| | | | |
  _|_____| |   | | | |___ ___) || |   |  __/ ___ \ ___) |___) | |___| |_| |
 (_)     | |   |_| |_____|____/ |_|   |_| /_/   \_\____/|____/|_____|____/ 
        /_/                                                                

TEST PASSED: Registro de un usuario exitosamente
----------------------------------------------------------------------------
]]></system-err>
</testsuite>
